blockTrigger
{"timeStamp":1656400950000,"triggerName":"blockTrigger","blockNumber":3113,"blockHash":"0000000000000c299f9af7c0b258ee10aea5214bb84d75c66e2167b4970184e5","transactionSize":0,"latestSolidifiedBlockNumber":3112,"transactionList":[]}
solidityTrigger
{"timeStamp":1656400947000,"triggerName":"solidityTrigger","latestSolidifiedBlockNumber":3112}
blockTrigger
{"timeStamp":1656400953000,"triggerName":"blockTrigger","blockNumber":3114,"blockHash":"0000000000000c2a0c0b6013acf4b8472425aea27bec1f9442d48d593e455d52","transactionSize":0,"latestSolidifiedBlockNumber":3113,"transactionList":[]}
solidityTrigger
{"timeStamp":1656400950000,"triggerName":"solidityTrigger","latestSolidifiedBlockNumber":3113}
blockTrigger
{"timeStamp":1656400956000,"triggerName":"blockTrigger","blockNumber":3115,"blockHash":"0000000000000c2b846dee1ddef4f93f53faccade43279e41fd8ab1f88dff806","transactionSize":0,"latestSolidifiedBlockNumber":3114,"transactionList":[]}
solidityTrigger
{"timeStamp":1656400953000,"triggerName":"solidityTrigger","latestSolidifiedBlockNumber":3114}
blockTrigger
{"timeStamp":1656400959000,"triggerName":"blockTrigger","blockNumber":3116,"blockHash":"0000000000000c2c77ebdd73f1862e2680864f83062cf1147745758f950ce409","transactionSize":0,"latestSolidifiedBlockNumber":3115,"transactionList":[]}
solidityTrigger
{"timeStamp":1656400956000,"triggerName":"solidityTrigger","latestSolidifiedBlockNumber":3115}
blockTrigger
{"timeStamp":1656400962000,"triggerName":"blockTrigger","blockNumber":3117,"blockHash":"0000000000000c2da07db414bcc371153809af5fcb8c649d7d97d9205f929c37","transactionSize":0,"latestSolidifiedBlockNumber":3116,"transactionList":[]}
solidityTrigger
{"timeStamp":1656400959000,"triggerName":"solidityTrigger","latestSolidifiedBlockNumber":3116}
blockTrigger
{"timeStamp":1656400965000,"triggerName":"blockTrigger","blockNumber":3118,"blockHash":"0000000000000c2e696995a24c015ead34cfd17f15c4e1b6e2f43995efab95b5","transactionSize":0,"latestSolidifiedBlockNumber":3117,"transactionList":[]}
solidityTrigger
{"timeStamp":1656400962000,"triggerName":"solidityTrigger","latestSolidifiedBlockNumber":3117}
blockTrigger
{"timeStamp":1656400968000,"triggerName":"blockTrigger","blockNumber":3119,"blockHash":"0000000000000c2f7c03203c94445ddeccb3fb89895dc808c7b873927ea4ddce","transactionSize":0,"latestSolidifiedBlockNumber":3118,"transactionList":[]}
solidityTrigger
{"timeStamp":1656400965000,"triggerName":"solidityTrigger","latestSolidifiedBlockNumber":3118}
blockTrigger
{"timeStamp":1656400971000,"triggerName":"blockTrigger","blockNumber":3120,"blockHash":"0000000000000c30eda52e331171b291b8050f29afe3e9fdfd8b875c59d7f254","transactionSize":0,"latestSolidifiedBlockNumber":3119,"transactionList":[]}
solidityTrigger
{"timeStamp":1656400968000,"triggerName":"solidityTrigger","latestSolidifiedBlockNumber":3119}
blockTrigger
{"timeStamp":1656400974000,"triggerName":"blockTrigger","blockNumber":3121,"blockHash":"0000000000000c31c62846619d96eed2cdc2754f9a2ae802c49f58b32979a4eb","transactionSize":0,"latestSolidifiedBlockNumber":3120,"transactionList":[]}
solidityTrigger
{"timeStamp":1656400971000,"triggerName":"solidityTrigger","latestSolidifiedBlockNumber":3120}
blockTrigger
{"timeStamp":1656400977000,"triggerName":"blockTrigger","blockNumber":3122,"blockHash":"0000000000000c3264ee820d690e29d49ea975cd8857a0f399acaa458b6afe2d","transactionSize":0,"latestSolidifiedBlockNumber":3121,"transactionList":[]}
solidityTrigger
{"timeStamp":1656400974000,"triggerName":"solidityTrigger","latestSolidifiedBlockNumber":3121}
blockTrigger
{"timeStamp":1656400980000,"triggerName":"blockTrigger","blockNumber":3123,"blockHash":"0000000000000c33afda1779544c80fc48231d59b1ebf5f5050f80ebedd89b94","transactionSize":0,"latestSolidifiedBlockNumber":3122,"transactionList":[]}
solidityTrigger
{"timeStamp":1656400977000,"triggerName":"solidityTrigger","latestSolidifiedBlockNumber":3122}
blockTrigger
{"timeStamp":1656400983000,"triggerName":"blockTrigger","blockNumber":3124,"blockHash":"0000000000000c34c020fe9571a26afed1e3c4620d777b4e77d5fb243612dd6c","transactionSize":0,"latestSolidifiedBlockNumber":3123,"transactionList":[]}
solidityTrigger
{"timeStamp":1656400980000,"triggerName":"solidityTrigger","latestSolidifiedBlockNumber":3123}
blockTrigger
{"timeStamp":1656400986000,"triggerName":"blockTrigger","blockNumber":3125,"blockHash":"0000000000000c35202005ae0fac6f7413c8755036d5f21c8d336480c39b98f2","transactionSize":0,"latestSolidifiedBlockNumber":3124,"transactionList":[]}
solidityTrigger
{"timeStamp":1656400983000,"triggerName":"solidityTrigger","latestSolidifiedBlockNumber":3124}
blockTrigger
{"timeStamp":1656400989000,"triggerName":"blockTrigger","blockNumber":3126,"blockHash":"0000000000000c366d36c386d6748b33a120db575ccb744c115ec7c809cdb30b","transactionSize":0,"latestSolidifiedBlockNumber":3125,"transactionList":[]}
solidityTrigger
{"timeStamp":1656400986000,"triggerName":"solidityTrigger","latestSolidifiedBlockNumber":3125}
blockTrigger
{"timeStamp":1656400992000,"triggerName":"blockTrigger","blockNumber":3127,"blockHash":"0000000000000c37c316b90dc9024b819c084b38a6dc0c6d384aa410cca966ba","transactionSize":0,"latestSolidifiedBlockNumber":3126,"transactionList":[]}
solidityTrigger
{"timeStamp":1656400989000,"triggerName":"solidityTrigger","latestSolidifiedBlockNumber":3126}
blockTrigger
{"timeStamp":1656400995000,"triggerName":"blockTrigger","blockNumber":3128,"blockHash":"0000000000000c38c04962646a22c603c384c1519dee487d29ca478788816dac","transactionSize":0,"latestSolidifiedBlockNumber":3127,"transactionList":[]}
solidityTrigger
{"timeStamp":1656400992000,"triggerName":"solidityTrigger","latestSolidifiedBlockNumber":3127}
blockTrigger
{"timeStamp":1656400998000,"triggerName":"blockTrigger","blockNumber":3129,"blockHash":"0000000000000c398e8981a240dc633707c4e1425f856cdc064969c43ab7536e","transactionSize":0,"latestSolidifiedBlockNumber":3128,"transactionList":[]}
solidityTrigger
{"timeStamp":1656400995000,"triggerName":"solidityTrigger","latestSolidifiedBlockNumber":3128}
blockTrigger
{"timeStamp":1656401001000,"triggerName":"blockTrigger","blockNumber":3130,"blockHash":"0000000000000c3abc6933909fdedcab952bfa34541c486b4f10074af2cfce03","transactionSize":0,"latestSolidifiedBlockNumber":3129,"transactionList":[]}
solidityTrigger
{"timeStamp":1656400998000,"triggerName":"solidityTrigger","latestSolidifiedBlockNumber":3129}
blockTrigger
{"timeStamp":1656401004000,"triggerName":"blockTrigger","blockNumber":3131,"blockHash":"0000000000000c3b87cea1e61ddf2d251ae941b3107776c70396f761a4735039","transactionSize":0,"latestSolidifiedBlockNumber":3130,"transactionList":[]}
solidityTrigger
{"timeStamp":1656401001000,"triggerName":"solidityTrigger","latestSolidifiedBlockNumber":3130}
blockTrigger
{"timeStamp":1656401007000,"triggerName":"blockTrigger","blockNumber":3132,"blockHash":"0000000000000c3cd15e744b465a0e220ecb21e45ebdcafb0aed748ed41af06a","transactionSize":0,"latestSolidifiedBlockNumber":3131,"transactionList":[]}
solidityTrigger
{"timeStamp":1656401004000,"triggerName":"solidityTrigger","latestSolidifiedBlockNumber":3131}
blockTrigger
{"timeStamp":1656401010000,"triggerName":"blockTrigger","blockNumber":3133,"blockHash":"0000000000000c3dc07bb8ecd6c7551957468865dd5cc84403ca67e425a87146","transactionSize":0,"latestSolidifiedBlockNumber":3132,"transactionList":[]}
solidityTrigger
{"timeStamp":1656401007000,"triggerName":"solidityTrigger","latestSolidifiedBlockNumber":3132}
blockTrigger
{"timeStamp":1656401013000,"triggerName":"blockTrigger","blockNumber":3134,"blockHash":"0000000000000c3e6f65c868c2453e1e393347d62e6b36a868d32d26b0056994","transactionSize":0,"latestSolidifiedBlockNumber":3133,"transactionList":[]}
solidityTrigger
{"timeStamp":1656401010000,"triggerName":"solidityTrigger","latestSolidifiedBlockNumber":3133}
blockTrigger
{"timeStamp":1656401016000,"triggerName":"blockTrigger","blockNumber":3135,"blockHash":"0000000000000c3f944e11ee28f420d977cabf917c436d3b46c5f72daf39dce9","transactionSize":0,"latestSolidifiedBlockNumber":3134,"transactionList":[]}
solidityTrigger
{"timeStamp":1656401013000,"triggerName":"solidityTrigger","latestSolidifiedBlockNumber":3134}
blockTrigger
{"timeStamp":1656401019000,"triggerName":"blockTrigger","blockNumber":3136,"blockHash":"0000000000000c40df2e3bd596f592dcdc0291dd58975f7115710b0299df79dc","transactionSize":0,"latestSolidifiedBlockNumber":3135,"transactionList":[]}
solidityTrigger
{"timeStamp":1656401016000,"triggerName":"solidityTrigger","latestSolidifiedBlockNumber":3135}
blockTrigger
{"timeStamp":1656401022000,"triggerName":"blockTrigger","blockNumber":3137,"blockHash":"0000000000000c41a0b29f257007dc05d0ef97973364c7361eb9ec654ecf6f74","transactionSize":0,"latestSolidifiedBlockNumber":3136,"transactionList":[]}
solidityTrigger
{"timeStamp":1656401019000,"triggerName":"solidityTrigger","latestSolidifiedBlockNumber":3136}
blockTrigger
{"timeStamp":1656401025000,"triggerName":"blockTrigger","blockNumber":3138,"blockHash":"0000000000000c4224a415207b4dd716314d8ad184113cbc0c777bc9dfeb1a31","transactionSize":0,"latestSolidifiedBlockNumber":3137,"transactionList":[]}
solidityTrigger
{"timeStamp":1656401022000,"triggerName":"solidityTrigger","latestSolidifiedBlockNumber":3137}
blockTrigger
{"timeStamp":1656401028000,"triggerName":"blockTrigger","blockNumber":3139,"blockHash":"0000000000000c43f142dd0d1f3839d152085deba40469f028abfcb4bec03351","transactionSize":0,"latestSolidifiedBlockNumber":3138,"transactionList":[]}
solidityTrigger
{"timeStamp":1656401025000,"triggerName":"solidityTrigger","latestSolidifiedBlockNumber":3138}
blockTrigger
{"timeStamp":1656401031000,"triggerName":"blockTrigger","blockNumber":3140,"blockHash":"0000000000000c44f8b9b897be40ae9d8711b8019a29b94135422a74ca391932","transactionSize":0,"latestSolidifiedBlockNumber":3139,"transactionList":[]}
solidityTrigger
{"timeStamp":1656401028000,"triggerName":"solidityTrigger","latestSolidifiedBlockNumber":3139}
blockTrigger
{"timeStamp":1656401034000,"triggerName":"blockTrigger","blockNumber":3141,"blockHash":"0000000000000c45a740b1c0bd904621446b49c9d9938de7f9500df94feea94d","transactionSize":0,"latestSolidifiedBlockNumber":3140,"transactionList":[]}
solidityTrigger
{"timeStamp":1656401031000,"triggerName":"solidityTrigger","latestSolidifiedBlockNumber":3140}
blockTrigger
{"timeStamp":1656401037000,"triggerName":"blockTrigger","blockNumber":3142,"blockHash":"0000000000000c46cbdb26ba8a38d0f796087ab920ad02eea45fbbd4b25d76c3","transactionSize":0,"latestSolidifiedBlockNumber":3141,"transactionList":[]}
solidityTrigger
{"timeStamp":1656401034000,"triggerName":"solidityTrigger","latestSolidifiedBlockNumber":3141}
blockTrigger
{"timeStamp":1656401040000,"triggerName":"blockTrigger","blockNumber":3143,"blockHash":"0000000000000c47c27798beb1f1146fcae141edaaf14e6b91c1289de98b81c8","transactionSize":0,"latestSolidifiedBlockNumber":3142,"transactionList":[]}
solidityTrigger
{"timeStamp":1656401037000,"triggerName":"solidityTrigger","latestSolidifiedBlockNumber":3142}
blockTrigger
{"timeStamp":1656401043000,"triggerName":"blockTrigger","blockNumber":3144,"blockHash":"0000000000000c48e141de2c47542d10bdb86cbd911ad860ea0c6481095a715c","transactionSize":0,"latestSolidifiedBlockNumber":3143,"transactionList":[]}
solidityTrigger
{"timeStamp":1656401040000,"triggerName":"solidityTrigger","latestSolidifiedBlockNumber":3143}
blockTrigger
{"timeStamp":1656401046000,"triggerName":"blockTrigger","blockNumber":3145,"blockHash":"0000000000000c499be9ec3aecae035099bd7c2aa43836fcebeaff4017a91472","transactionSize":0,"latestSolidifiedBlockNumber":3144,"transactionList":[]}
solidityTrigger
{"timeStamp":1656401043000,"triggerName":"solidityTrigger","latestSolidifiedBlockNumber":3144}
blockTrigger
{"timeStamp":1656401049000,"triggerName":"blockTrigger","blockNumber":3146,"blockHash":"0000000000000c4a6bd2a76cf9af13bab18fa0a4b3888662d68d630be75625ab","transactionSize":0,"latestSolidifiedBlockNumber":3145,"transactionList":[]}
solidityTrigger
{"timeStamp":1656401046000,"triggerName":"solidityTrigger","latestSolidifiedBlockNumber":3145}
blockTrigger
{"timeStamp":1656401052000,"triggerName":"blockTrigger","blockNumber":3147,"blockHash":"0000000000000c4b8bfebbcfe7ec4d573a7b79ade01dc8f6c7cbfb5a4b026d02","transactionSize":0,"latestSolidifiedBlockNumber":3146,"transactionList":[]}
solidityTrigger
{"timeStamp":1656401049000,"triggerName":"solidityTrigger","latestSolidifiedBlockNumber":3146}
blockTrigger
{"timeStamp":1656401055000,"triggerName":"blockTrigger","blockNumber":3148,"blockHash":"0000000000000c4c6c25251bc663d46241bced2635c6433662295904586a8302","transactionSize":0,"latestSolidifiedBlockNumber":3147,"transactionList":[]}
solidityTrigger
{"timeStamp":1656401052000,"triggerName":"solidityTrigger","latestSolidifiedBlockNumber":3147}
blockTrigger
{"timeStamp":1656401058000,"triggerName":"blockTrigger","blockNumber":3149,"blockHash":"0000000000000c4dbec291e01e7571299d4ef8d5e681c2b21daafe6ad7a6d1e3","transactionSize":0,"latestSolidifiedBlockNumber":3148,"transactionList":[]}
solidityTrigger
{"timeStamp":1656401055000,"triggerName":"solidityTrigger","latestSolidifiedBlockNumber":3148}
blockTrigger
{"timeStamp":1656401061000,"triggerName":"blockTrigger","blockNumber":3150,"blockHash":"0000000000000c4e3f775fee2d8a29337a4f641f70bf39505a922bcc43f8367b","transactionSize":0,"latestSolidifiedBlockNumber":3149,"transactionList":[]}
solidityTrigger
{"timeStamp":1656401058000,"triggerName":"solidityTrigger","latestSolidifiedBlockNumber":3149}
blockTrigger
{"timeStamp":1656401064000,"triggerName":"blockTrigger","blockNumber":3151,"blockHash":"0000000000000c4f565520b156c7f4f181107abe019b3250cbfef4515c3d729c","transactionSize":0,"latestSolidifiedBlockNumber":3150,"transactionList":[]}
solidityTrigger
{"timeStamp":1656401061000,"triggerName":"solidityTrigger","latestSolidifiedBlockNumber":3150}
blockTrigger
{"timeStamp":1656401067000,"triggerName":"blockTrigger","blockNumber":3152,"blockHash":"0000000000000c505931d25a87c5c40dfabb4f29c6665576277ef09f316d46de","transactionSize":0,"latestSolidifiedBlockNumber":3151,"transactionList":[]}
solidityTrigger
{"timeStamp":1656401064000,"triggerName":"solidityTrigger","latestSolidifiedBlockNumber":3151}
blockTrigger
{"timeStamp":1656401070000,"triggerName":"blockTrigger","blockNumber":3153,"blockHash":"0000000000000c51aec4d01cf92ff2d31e27a3a134f87ba176a08c94781d3080","transactionSize":0,"latestSolidifiedBlockNumber":3152,"transactionList":[]}
solidityTrigger
{"timeStamp":1656401067000,"triggerName":"solidityTrigger","latestSolidifiedBlockNumber":3152}
blockTrigger
{"timeStamp":1656401073000,"triggerName":"blockTrigger","blockNumber":3154,"blockHash":"0000000000000c52239ffa04934e9070a57dbab718d87b25a56732c1e92b24f1","transactionSize":0,"latestSolidifiedBlockNumber":3153,"transactionList":[]}
solidityTrigger
{"timeStamp":1656401070000,"triggerName":"solidityTrigger","latestSolidifiedBlockNumber":3153}
blockTrigger
{"timeStamp":1656401076000,"triggerName":"blockTrigger","blockNumber":3155,"blockHash":"0000000000000c53b74044cc55d4b6062c88f4739f5c7a2da1e2f0c3111423b0","transactionSize":0,"latestSolidifiedBlockNumber":3154,"transactionList":[]}
solidityTrigger
{"timeStamp":1656401073000,"triggerName":"solidityTrigger","latestSolidifiedBlockNumber":3154}
blockTrigger
{"timeStamp":1656401079000,"triggerName":"blockTrigger","blockNumber":3156,"blockHash":"0000000000000c5478d7fc6ec4e87d7a3d867cf2bd7507615c88e5c60ea17048","transactionSize":0,"latestSolidifiedBlockNumber":3155,"transactionList":[]}
solidityTrigger
{"timeStamp":1656401076000,"triggerName":"solidityTrigger","latestSolidifiedBlockNumber":3155}
blockTrigger
{"timeStamp":1656401082000,"triggerName":"blockTrigger","blockNumber":3157,"blockHash":"0000000000000c55d1ac7260173bd07d3e2da6a3630083b2fcb40cf3f9aed640","transactionSize":0,"latestSolidifiedBlockNumber":3156,"transactionList":[]}
solidityTrigger
{"timeStamp":1656401079000,"triggerName":"solidityTrigger","latestSolidifiedBlockNumber":3156}
blockTrigger
{"timeStamp":1656401085000,"triggerName":"blockTrigger","blockNumber":3158,"blockHash":"0000000000000c56831659a1462f097fe5d19e067a67800475eed83d730571fb","transactionSize":0,"latestSolidifiedBlockNumber":3157,"transactionList":[]}
solidityTrigger
{"timeStamp":1656401082000,"triggerName":"solidityTrigger","latestSolidifiedBlockNumber":3157}
blockTrigger
{"timeStamp":1656401088000,"triggerName":"blockTrigger","blockNumber":3159,"blockHash":"0000000000000c575c075d0028e031a03ebb095822890b7ae8af14e0198c2308","transactionSize":0,"latestSolidifiedBlockNumber":3158,"transactionList":[]}
solidityTrigger
{"timeStamp":1656401085000,"triggerName":"solidityTrigger","latestSolidifiedBlockNumber":3158}
blockTrigger
{"timeStamp":1656401091000,"triggerName":"blockTrigger","blockNumber":3160,"blockHash":"0000000000000c58c377681a72eca9059a17511e13a2c8d6a9fb1175636c5f65","transactionSize":0,"latestSolidifiedBlockNumber":3159,"transactionList":[]}
solidityTrigger
{"timeStamp":1656401088000,"triggerName":"solidityTrigger","latestSolidifiedBlockNumber":3159}
blockTrigger
{"timeStamp":1656401094000,"triggerName":"blockTrigger","blockNumber":3161,"blockHash":"0000000000000c59b8931fb4494b4d636c312ee4f944068733ed15cf37cdad0e","transactionSize":0,"latestSolidifiedBlockNumber":3160,"transactionList":[]}
solidityTrigger
{"timeStamp":1656401091000,"triggerName":"solidityTrigger","latestSolidifiedBlockNumber":3160}
blockTrigger
{"timeStamp":1656401097000,"triggerName":"blockTrigger","blockNumber":3162,"blockHash":"0000000000000c5aa033eed57ed13aaaba748ca4dcf866a3ff6734cc742dc43e","transactionSize":0,"latestSolidifiedBlockNumber":3161,"transactionList":[]}
solidityTrigger
{"timeStamp":1656401094000,"triggerName":"solidityTrigger","latestSolidifiedBlockNumber":3161}
blockTrigger
{"timeStamp":1656401100000,"triggerName":"blockTrigger","blockNumber":3163,"blockHash":"0000000000000c5bfe12be1d2367234e067b61cff7996674dddaa61af8a7cfe3","transactionSize":0,"latestSolidifiedBlockNumber":3162,"transactionList":[]}
solidityTrigger
{"timeStamp":1656401097000,"triggerName":"solidityTrigger","latestSolidifiedBlockNumber":3162}
blockTrigger
{"timeStamp":1656401109000,"triggerName":"blockTrigger","blockNumber":3164,"blockHash":"0000000000000c5c3ad963c27c06bd61017349dd4557b1bf8cea2b873beafd26","transactionSize":0,"latestSolidifiedBlockNumber":3163,"transactionList":[]}
solidityTrigger
{"timeStamp":1656401100000,"triggerName":"solidityTrigger","latestSolidifiedBlockNumber":3163}
blockTrigger
{"timeStamp":1656401112000,"triggerName":"blockTrigger","blockNumber":3165,"blockHash":"0000000000000c5d4687563eaefdadbf7215a70ad25da8356183135aecf54c7f","transactionSize":0,"latestSolidifiedBlockNumber":3164,"transactionList":[]}
solidityTrigger
{"timeStamp":1656401109000,"triggerName":"solidityTrigger","latestSolidifiedBlockNumber":3164}
blockTrigger
{"timeStamp":1656401115000,"triggerName":"blockTrigger","blockNumber":3166,"blockHash":"0000000000000c5e07dca9398b1bea14a187c05c5e4a2f8cf15643c72e55592a","transactionSize":0,"latestSolidifiedBlockNumber":3165,"transactionList":[]}
solidityTrigger
{"timeStamp":1656401112000,"triggerName":"solidityTrigger","latestSolidifiedBlockNumber":3165}
blockTrigger
{"timeStamp":1656401118000,"triggerName":"blockTrigger","blockNumber":3167,"blockHash":"0000000000000c5f1180ee85caab9638bfea1e09a57f27356326855cd009d89f","transactionSize":0,"latestSolidifiedBlockNumber":3166,"transactionList":[]}
solidityTrigger
{"timeStamp":1656401115000,"triggerName":"solidityTrigger","latestSolidifiedBlockNumber":3166}
blockTrigger
{"timeStamp":1656401121000,"triggerName":"blockTrigger","blockNumber":3168,"blockHash":"0000000000000c60ea89d271ad2026bc13c21ab1e6991bbc53660ea406aef79a","transactionSize":0,"latestSolidifiedBlockNumber":3167,"transactionList":[]}
solidityTrigger
{"timeStamp":1656401118000,"triggerName":"solidityTrigger","latestSolidifiedBlockNumber":3167}
blockTrigger
{"timeStamp":1656401124000,"triggerName":"blockTrigger","blockNumber":3169,"blockHash":"0000000000000c61d2c6b7ae46eec955d55974bedb2bb3982ae2c070e52f1b80","transactionSize":0,"latestSolidifiedBlockNumber":3168,"transactionList":[]}
solidityTrigger
{"timeStamp":1656401121000,"triggerName":"solidityTrigger","latestSolidifiedBlockNumber":3168}
blockTrigger
{"timeStamp":1656401127000,"triggerName":"blockTrigger","blockNumber":3170,"blockHash":"0000000000000c62ce93923e7c681a5473c7e9721638654fc5e49afaedd8595d","transactionSize":0,"latestSolidifiedBlockNumber":3169,"transactionList":[]}
solidityTrigger
{"timeStamp":1656401124000,"triggerName":"solidityTrigger","latestSolidifiedBlockNumber":3169}
blockTrigger
{"timeStamp":1656401130000,"triggerName":"blockTrigger","blockNumber":3171,"blockHash":"0000000000000c63efdda4d4a1ea87abde2524426997f46df3ab3430f153eb7d","transactionSize":0,"latestSolidifiedBlockNumber":3170,"transactionList":[]}
solidityTrigger
{"timeStamp":1656401127000,"triggerName":"solidityTrigger","latestSolidifiedBlockNumber":3170}
blockTrigger
{"timeStamp":1656401133000,"triggerName":"blockTrigger","blockNumber":3172,"blockHash":"0000000000000c64e695e20cb6ad79c4aa6b27d4ce244765d6b7a0024dff9931","transactionSize":0,"latestSolidifiedBlockNumber":3171,"transactionList":[]}
solidityTrigger
{"timeStamp":1656401130000,"triggerName":"solidityTrigger","latestSolidifiedBlockNumber":3171}
blockTrigger
{"timeStamp":1656401136000,"triggerName":"blockTrigger","blockNumber":3173,"blockHash":"0000000000000c6509e696356e4c5588b5eabca732a71a5bc7670c1660b0e1ef","transactionSize":0,"latestSolidifiedBlockNumber":3172,"transactionList":[]}
solidityTrigger
{"timeStamp":1656401133000,"triggerName":"solidityTrigger","latestSolidifiedBlockNumber":3172}
blockTrigger
{"timeStamp":1656401139000,"triggerName":"blockTrigger","blockNumber":3174,"blockHash":"0000000000000c6645320922c0ea9160846fed3a27e1e8e073a8f67d9fdf260e","transactionSize":0,"latestSolidifiedBlockNumber":3173,"transactionList":[]}
solidityTrigger
{"timeStamp":1656401136000,"triggerName":"solidityTrigger","latestSolidifiedBlockNumber":3173}
blockTrigger
{"timeStamp":1656401142000,"triggerName":"blockTrigger","blockNumber":3175,"blockHash":"0000000000000c678b753f5192604f288b9b7271f91acbe5854b6f6ee29cd728","transactionSize":0,"latestSolidifiedBlockNumber":3174,"transactionList":[]}
solidityTrigger
{"timeStamp":1656401139000,"triggerName":"solidityTrigger","latestSolidifiedBlockNumber":3174}
blockTrigger
{"timeStamp":1656401145000,"triggerName":"blockTrigger","blockNumber":3176,"blockHash":"0000000000000c68c38d38ff7682377e794b0060e3a4fed09830c3b417261306","transactionSize":0,"latestSolidifiedBlockNumber":3175,"transactionList":[]}
solidityTrigger
{"timeStamp":1656401142000,"triggerName":"solidityTrigger","latestSolidifiedBlockNumber":3175}
blockTrigger
{"timeStamp":1656401148000,"triggerName":"blockTrigger","blockNumber":3177,"blockHash":"0000000000000c695d92eb56d3f86dc730befff9e65d66261154e91343ce2141","transactionSize":0,"latestSolidifiedBlockNumber":3176,"transactionList":[]}
solidityTrigger
{"timeStamp":1656401145000,"triggerName":"solidityTrigger","latestSolidifiedBlockNumber":3176}
blockTrigger
{"timeStamp":1656401151000,"triggerName":"blockTrigger","blockNumber":3178,"blockHash":"0000000000000c6a8e7650c8c8e9bc9c7388bf00fd9a6b9215f71d7ef0ddd2ae","transactionSize":0,"latestSolidifiedBlockNumber":3177,"transactionList":[]}
solidityTrigger
{"timeStamp":1656401148000,"triggerName":"solidityTrigger","latestSolidifiedBlockNumber":3177}
blockTrigger
{"timeStamp":1656401154000,"triggerName":"blockTrigger","blockNumber":3179,"blockHash":"0000000000000c6b1118e1e2a2abc199038729ac0a10b7c4d90b64ece94526b5","transactionSize":0,"latestSolidifiedBlockNumber":3178,"transactionList":[]}
solidityTrigger
{"timeStamp":1656401151000,"triggerName":"solidityTrigger","latestSolidifiedBlockNumber":3178}
blockTrigger
{"timeStamp":1656401157000,"triggerName":"blockTrigger","blockNumber":3180,"blockHash":"0000000000000c6c24542c01bbbec48b767ce06c97c98882d0848df22b7d85d5","transactionSize":0,"latestSolidifiedBlockNumber":3179,"transactionList":[]}
solidityTrigger
{"timeStamp":1656401154000,"triggerName":"solidityTrigger","latestSolidifiedBlockNumber":3179}
blockTrigger
{"timeStamp":1656401160000,"triggerName":"blockTrigger","blockNumber":3181,"blockHash":"0000000000000c6d3944179b97febe9641500618d0467d45df8eda81d7080860","transactionSize":0,"latestSolidifiedBlockNumber":3180,"transactionList":[]}
solidityTrigger
{"timeStamp":1656401157000,"triggerName":"solidityTrigger","latestSolidifiedBlockNumber":3180}
blockTrigger
{"timeStamp":1656401163000,"triggerName":"blockTrigger","blockNumber":3182,"blockHash":"0000000000000c6e21a4945f5ec27acf868e0b6b96e1a8b3aaa689c9622bc927","transactionSize":0,"latestSolidifiedBlockNumber":3181,"transactionList":[]}
solidityTrigger
{"timeStamp":1656401160000,"triggerName":"solidityTrigger","latestSolidifiedBlockNumber":3181}
blockTrigger
{"timeStamp":1656401166000,"triggerName":"blockTrigger","blockNumber":3183,"blockHash":"0000000000000c6f696a3aca42572479eefba47d1b99f28e39792a5b68230118","transactionSize":0,"latestSolidifiedBlockNumber":3182,"transactionList":[]}
solidityTrigger
{"timeStamp":1656401163000,"triggerName":"solidityTrigger","latestSolidifiedBlockNumber":3182}
blockTrigger
{"timeStamp":1656401169000,"triggerName":"blockTrigger","blockNumber":3184,"blockHash":"0000000000000c70a9eb0efa3dcbb7bee2e998b4cd99eebcc2dd95379f1ad3b0","transactionSize":0,"latestSolidifiedBlockNumber":3183,"transactionList":[]}
solidityTrigger
{"timeStamp":1656401166000,"triggerName":"solidityTrigger","latestSolidifiedBlockNumber":3183}
blockTrigger
{"timeStamp":1656401172000,"triggerName":"blockTrigger","blockNumber":3185,"blockHash":"0000000000000c71956971bdc2b8b7b7c1574ae3fd98ba3c9b8a9509d9c28eb7","transactionSize":0,"latestSolidifiedBlockNumber":3184,"transactionList":[]}
solidityTrigger
{"timeStamp":1656401169000,"triggerName":"solidityTrigger","latestSolidifiedBlockNumber":3184}
blockTrigger
{"timeStamp":1656401175000,"triggerName":"blockTrigger","blockNumber":3186,"blockHash":"0000000000000c72408a1ebe059fe02696140b1f5dafe062646f88a92a59e39d","transactionSize":0,"latestSolidifiedBlockNumber":3185,"transactionList":[]}
solidityTrigger
{"timeStamp":1656401172000,"triggerName":"solidityTrigger","latestSolidifiedBlockNumber":3185}
blockTrigger
{"timeStamp":1656401178000,"triggerName":"blockTrigger","blockNumber":3187,"blockHash":"0000000000000c7303fa522a1b9ba3631b87ddc947806e9482381c6881ca28f4","transactionSize":0,"latestSolidifiedBlockNumber":3186,"transactionList":[]}
solidityTrigger
{"timeStamp":1656401175000,"triggerName":"solidityTrigger","latestSolidifiedBlockNumber":3186}
blockTrigger
{"timeStamp":1656401181000,"triggerName":"blockTrigger","blockNumber":3188,"blockHash":"0000000000000c7406784a00a8c8be37d169825c67b4f0d65d02cf412f1e69cd","transactionSize":0,"latestSolidifiedBlockNumber":3187,"transactionList":[]}
solidityTrigger
{"timeStamp":1656401178000,"triggerName":"solidityTrigger","latestSolidifiedBlockNumber":3187}
blockTrigger
{"timeStamp":1656401184000,"triggerName":"blockTrigger","blockNumber":3189,"blockHash":"0000000000000c758db04b967da99bf32c4583b559f20096e550d9d57af4b9f2","transactionSize":0,"latestSolidifiedBlockNumber":3188,"transactionList":[]}
solidityTrigger
{"timeStamp":1656401181000,"triggerName":"solidityTrigger","latestSolidifiedBlockNumber":3188}
blockTrigger
{"timeStamp":1656401187000,"triggerName":"blockTrigger","blockNumber":3190,"blockHash":"0000000000000c76c6ec912376463e1f9a0ac044a44a82c3f4b2cb725e29ef51","transactionSize":0,"latestSolidifiedBlockNumber":3189,"transactionList":[]}
solidityTrigger
{"timeStamp":1656401184000,"triggerName":"solidityTrigger","latestSolidifiedBlockNumber":3189}
blockTrigger
{"timeStamp":1656401190000,"triggerName":"blockTrigger","blockNumber":3191,"blockHash":"0000000000000c77e13761936cff73cbb6a36ec0de15b55aa1106e80051daa13","transactionSize":0,"latestSolidifiedBlockNumber":3190,"transactionList":[]}
solidityTrigger
{"timeStamp":1656401187000,"triggerName":"solidityTrigger","latestSolidifiedBlockNumber":3190}
blockTrigger
{"timeStamp":1656401193000,"triggerName":"blockTrigger","blockNumber":3192,"blockHash":"0000000000000c781a2aef8a28513ed34385d8f05988042741c4865e79628789","transactionSize":0,"latestSolidifiedBlockNumber":3191,"transactionList":[]}
solidityTrigger
{"timeStamp":1656401190000,"triggerName":"solidityTrigger","latestSolidifiedBlockNumber":3191}
blockTrigger
{"timeStamp":1656401196000,"triggerName":"blockTrigger","blockNumber":3193,"blockHash":"0000000000000c791f0f171db3c75212e63e6a7bb1639f16deb308a13b4c016f","transactionSize":0,"latestSolidifiedBlockNumber":3192,"transactionList":[]}
solidityTrigger
{"timeStamp":1656401193000,"triggerName":"solidityTrigger","latestSolidifiedBlockNumber":3192}
blockTrigger
{"timeStamp":1656401199000,"triggerName":"blockTrigger","blockNumber":3194,"blockHash":"0000000000000c7abba2a895bd4591bebc185982a4b4b917c34fb428943508e2","transactionSize":0,"latestSolidifiedBlockNumber":3193,"transactionList":[]}
solidityTrigger
{"timeStamp":1656401196000,"triggerName":"solidityTrigger","latestSolidifiedBlockNumber":3193}
blockTrigger
{"timeStamp":1656401202000,"triggerName":"blockTrigger","blockNumber":3195,"blockHash":"0000000000000c7b804834835fccdfac7cb3b6c30e340902197f41441632c6d4","transactionSize":0,"latestSolidifiedBlockNumber":3194,"transactionList":[]}
solidityTrigger
{"timeStamp":1656401199000,"triggerName":"solidityTrigger","latestSolidifiedBlockNumber":3194}
blockTrigger
{"timeStamp":1656401205000,"triggerName":"blockTrigger","blockNumber":3196,"blockHash":"0000000000000c7c4c0dcb9747a967104e36e96757ddb5b41fd323bfa5a993d4","transactionSize":0,"latestSolidifiedBlockNumber":3195,"transactionList":[]}
solidityTrigger
{"timeStamp":1656401202000,"triggerName":"solidityTrigger","latestSolidifiedBlockNumber":3195}
blockTrigger
{"timeStamp":1656401208000,"triggerName":"blockTrigger","blockNumber":3197,"blockHash":"0000000000000c7d2f1064a602fbfa422cc376524f94c1b5220544ecf4cd31b4","transactionSize":0,"latestSolidifiedBlockNumber":3196,"transactionList":[]}
solidityTrigger
{"timeStamp":1656401205000,"triggerName":"solidityTrigger","latestSolidifiedBlockNumber":3196}
blockTrigger
{"timeStamp":1656401211000,"triggerName":"blockTrigger","blockNumber":3198,"blockHash":"0000000000000c7ee39283079139e3850c749d82bc391386895ef8bcea772638","transactionSize":0,"latestSolidifiedBlockNumber":3197,"transactionList":[]}
solidityTrigger
{"timeStamp":1656401208000,"triggerName":"solidityTrigger","latestSolidifiedBlockNumber":3197}
blockTrigger
{"timeStamp":1656401214000,"triggerName":"blockTrigger","blockNumber":3199,"blockHash":"0000000000000c7f4cee942b96136734cc41b510d5e694c42e287fa85c599387","transactionSize":0,"latestSolidifiedBlockNumber":3198,"transactionList":[]}
solidityTrigger
{"timeStamp":1656401211000,"triggerName":"solidityTrigger","latestSolidifiedBlockNumber":3198}
blockTrigger
{"timeStamp":1656401217000,"triggerName":"blockTrigger","blockNumber":3200,"blockHash":"0000000000000c8097c4befad0cd5b37210a8a2f156c43ef3cf3a5b29132f842","transactionSize":0,"latestSolidifiedBlockNumber":3199,"transactionList":[]}
solidityTrigger
{"timeStamp":1656401214000,"triggerName":"solidityTrigger","latestSolidifiedBlockNumber":3199}
blockTrigger
{"timeStamp":1656401220000,"triggerName":"blockTrigger","blockNumber":3201,"blockHash":"0000000000000c81631ff6850926fb370aa275bf4bcf0eb8e75521074be71c82","transactionSize":0,"latestSolidifiedBlockNumber":3200,"transactionList":[]}
solidityTrigger
{"timeStamp":1656401217000,"triggerName":"solidityTrigger","latestSolidifiedBlockNumber":3200}
blockTrigger
{"timeStamp":1656401223000,"triggerName":"blockTrigger","blockNumber":3202,"blockHash":"0000000000000c82dbd9aadb4b08cc69b3a52e81f551ef030e0a61f589e0c3ff","transactionSize":0,"latestSolidifiedBlockNumber":3201,"transactionList":[]}
solidityTrigger
{"timeStamp":1656401220000,"triggerName":"solidityTrigger","latestSolidifiedBlockNumber":3201}
blockTrigger
{"timeStamp":1656401226000,"triggerName":"blockTrigger","blockNumber":3203,"blockHash":"0000000000000c83e49cb90868536a0736268b7aaade1b443bb8b344f0672052","transactionSize":0,"latestSolidifiedBlockNumber":3202,"transactionList":[]}
solidityTrigger
{"timeStamp":1656401223000,"triggerName":"solidityTrigger","latestSolidifiedBlockNumber":3202}
blockTrigger
{"timeStamp":1656401229000,"triggerName":"blockTrigger","blockNumber":3204,"blockHash":"0000000000000c84b469d3412875915d07de7712d00b437958d30a3641cb665f","transactionSize":0,"latestSolidifiedBlockNumber":3203,"transactionList":[]}
solidityTrigger
{"timeStamp":1656401226000,"triggerName":"solidityTrigger","latestSolidifiedBlockNumber":3203}
blockTrigger
{"timeStamp":1656401232000,"triggerName":"blockTrigger","blockNumber":3205,"blockHash":"0000000000000c859d00975990753bb3e1b6e9925e71d6edec208fc2fa911b1b","transactionSize":0,"latestSolidifiedBlockNumber":3204,"transactionList":[]}
solidityTrigger
{"timeStamp":1656401229000,"triggerName":"solidityTrigger","latestSolidifiedBlockNumber":3204}
blockTrigger
{"timeStamp":1656401235000,"triggerName":"blockTrigger","blockNumber":3206,"blockHash":"0000000000000c86483ec4655ad32e4482456ecf026afca71637eefd219f9ed5","transactionSize":0,"latestSolidifiedBlockNumber":3205,"transactionList":[]}
solidityTrigger
{"timeStamp":1656401232000,"triggerName":"solidityTrigger","latestSolidifiedBlockNumber":3205}
blockTrigger
{"timeStamp":1656401238000,"triggerName":"blockTrigger","blockNumber":3207,"blockHash":"0000000000000c87ced5f9b627e6bcf2de38a14c72d930fd3029300871cead74","transactionSize":0,"latestSolidifiedBlockNumber":3206,"transactionList":[]}
solidityTrigger
{"timeStamp":1656401235000,"triggerName":"solidityTrigger","latestSolidifiedBlockNumber":3206}
blockTrigger
{"timeStamp":1656401241000,"triggerName":"blockTrigger","blockNumber":3208,"blockHash":"0000000000000c88c7603ca1dc6e8d46c4932b3fb6aef8a19aff474ce651f952","transactionSize":0,"latestSolidifiedBlockNumber":3207,"transactionList":[]}
solidityTrigger
{"timeStamp":1656401238000,"triggerName":"solidityTrigger","latestSolidifiedBlockNumber":3207}
blockTrigger
{"timeStamp":1656401244000,"triggerName":"blockTrigger","blockNumber":3209,"blockHash":"0000000000000c8949397c9013acb09f64df1d1f46e9ef21ff16f36563f036d0","transactionSize":0,"latestSolidifiedBlockNumber":3208,"transactionList":[]}
solidityTrigger
{"timeStamp":1656401241000,"triggerName":"solidityTrigger","latestSolidifiedBlockNumber":3208}
blockTrigger
{"timeStamp":1656401247000,"triggerName":"blockTrigger","blockNumber":3210,"blockHash":"0000000000000c8ae71baaeb1af7a2de14a5404850730b97bddcd1cf78ef7b4e","transactionSize":0,"latestSolidifiedBlockNumber":3209,"transactionList":[]}
solidityTrigger
{"timeStamp":1656401244000,"triggerName":"solidityTrigger","latestSolidifiedBlockNumber":3209}
blockTrigger
{"timeStamp":1656401250000,"triggerName":"blockTrigger","blockNumber":3211,"blockHash":"0000000000000c8b962d056ef5dfc372cfc52b7303917575c61877bf1bde09d8","transactionSize":0,"latestSolidifiedBlockNumber":3210,"transactionList":[]}
solidityTrigger
{"timeStamp":1656401247000,"triggerName":"solidityTrigger","latestSolidifiedBlockNumber":3210}
blockTrigger
{"timeStamp":1656401253000,"triggerName":"blockTrigger","blockNumber":3212,"blockHash":"0000000000000c8cc66d5ee6d494484521061cb8325a30b41a6a92b1ea1f1258","transactionSize":0,"latestSolidifiedBlockNumber":3211,"transactionList":[]}
solidityTrigger
{"timeStamp":1656401250000,"triggerName":"solidityTrigger","latestSolidifiedBlockNumber":3211}
blockTrigger
{"timeStamp":1656401256000,"triggerName":"blockTrigger","blockNumber":3213,"blockHash":"0000000000000c8d256556d7da4ba637309192d7128ef03fd676462719a0eadc","transactionSize":0,"latestSolidifiedBlockNumber":3212,"transactionList":[]}
solidityTrigger
{"timeStamp":1656401253000,"triggerName":"solidityTrigger","latestSolidifiedBlockNumber":3212}
blockTrigger
{"timeStamp":1656401259000,"triggerName":"blockTrigger","blockNumber":3214,"blockHash":"0000000000000c8ebffc3f0934622f9c6ddcae0420634bbab118239b78f794b2","transactionSize":0,"latestSolidifiedBlockNumber":3213,"transactionList":[]}
solidityTrigger
{"timeStamp":1656401256000,"triggerName":"solidityTrigger","latestSolidifiedBlockNumber":3213}
blockTrigger
{"timeStamp":1656401262000,"triggerName":"blockTrigger","blockNumber":3215,"blockHash":"0000000000000c8f40b1616646c69f2b74ae112bd8983f85ee0f38ca512d6b67","transactionSize":0,"latestSolidifiedBlockNumber":3214,"transactionList":[]}
solidityTrigger
{"timeStamp":1656401259000,"triggerName":"solidityTrigger","latestSolidifiedBlockNumber":3214}
blockTrigger
{"timeStamp":1656401265000,"triggerName":"blockTrigger","blockNumber":3216,"blockHash":"0000000000000c9001dd90b5068c18bcc8d5c983ff8d95132c184f2b465545d5","transactionSize":0,"latestSolidifiedBlockNumber":3215,"transactionList":[]}
solidityTrigger
{"timeStamp":1656401262000,"triggerName":"solidityTrigger","latestSolidifiedBlockNumber":3215}
blockTrigger
{"timeStamp":1656401268000,"triggerName":"blockTrigger","blockNumber":3217,"blockHash":"0000000000000c91b877fad9bdd5c69fea3b9cf5798f7ed0a13af3493eaf3a13","transactionSize":0,"latestSolidifiedBlockNumber":3216,"transactionList":[]}
solidityTrigger
{"timeStamp":1656401265000,"triggerName":"solidityTrigger","latestSolidifiedBlockNumber":3216}
blockTrigger
{"timeStamp":1656401271000,"triggerName":"blockTrigger","blockNumber":3218,"blockHash":"0000000000000c929408ae7b88f598aecd8b610a277bea692945f68edcfbd317","transactionSize":0,"latestSolidifiedBlockNumber":3217,"transactionList":[]}
solidityTrigger
{"timeStamp":1656401268000,"triggerName":"solidityTrigger","latestSolidifiedBlockNumber":3217}
blockTrigger
{"timeStamp":1656401274000,"triggerName":"blockTrigger","blockNumber":3219,"blockHash":"0000000000000c938542eeae9e7b7ee84e267a13820d8b95a538a08522195d7e","transactionSize":0,"latestSolidifiedBlockNumber":3218,"transactionList":[]}
solidityTrigger
{"timeStamp":1656401271000,"triggerName":"solidityTrigger","latestSolidifiedBlockNumber":3218}
blockTrigger
{"timeStamp":1656401277000,"triggerName":"blockTrigger","blockNumber":3220,"blockHash":"0000000000000c94f7c443a6628f8264d7021a5aa76b73b2c5b4cca7b2dd1282","transactionSize":0,"latestSolidifiedBlockNumber":3219,"transactionList":[]}
solidityTrigger
{"timeStamp":1656401274000,"triggerName":"solidityTrigger","latestSolidifiedBlockNumber":3219}
blockTrigger
{"timeStamp":1656401280000,"triggerName":"blockTrigger","blockNumber":3221,"blockHash":"0000000000000c9555617533a3136acc11046a51c1a3b2bae35a6d33fd93e79e","transactionSize":0,"latestSolidifiedBlockNumber":3220,"transactionList":[]}
solidityTrigger
{"timeStamp":1656401277000,"triggerName":"solidityTrigger","latestSolidifiedBlockNumber":3220}
blockTrigger
{"timeStamp":1656401283000,"triggerName":"blockTrigger","blockNumber":3222,"blockHash":"0000000000000c96f93d57c6aed06510c2c5e723b81997170c55b230e4eca0cd","transactionSize":0,"latestSolidifiedBlockNumber":3221,"transactionList":[]}
solidityTrigger
{"timeStamp":1656401280000,"triggerName":"solidityTrigger","latestSolidifiedBlockNumber":3221}
blockTrigger
{"timeStamp":1656401286000,"triggerName":"blockTrigger","blockNumber":3223,"blockHash":"0000000000000c974a7b5a4dece4ca0d3cd35d2b5886648988b39e1652140a0e","transactionSize":0,"latestSolidifiedBlockNumber":3222,"transactionList":[]}
solidityTrigger
{"timeStamp":1656401283000,"triggerName":"solidityTrigger","latestSolidifiedBlockNumber":3222}
blockTrigger
{"timeStamp":1656401289000,"triggerName":"blockTrigger","blockNumber":3224,"blockHash":"0000000000000c9857b2672f97a46ebc61ee025dd4f92339b9801f54f66c0ff9","transactionSize":0,"latestSolidifiedBlockNumber":3223,"transactionList":[]}
solidityTrigger
{"timeStamp":1656401286000,"triggerName":"solidityTrigger","latestSolidifiedBlockNumber":3223}
blockTrigger
{"timeStamp":1656401292000,"triggerName":"blockTrigger","blockNumber":3225,"blockHash":"0000000000000c995f1c704425f5031f4e6fafcd672abf2163dbff954c90f567","transactionSize":0,"latestSolidifiedBlockNumber":3224,"transactionList":[]}
solidityTrigger
{"timeStamp":1656401289000,"triggerName":"solidityTrigger","latestSolidifiedBlockNumber":3224}
blockTrigger
{"timeStamp":1656401295000,"triggerName":"blockTrigger","blockNumber":3226,"blockHash":"0000000000000c9a576128b0512977da81bdadce4848aadb48779d588332a1a0","transactionSize":0,"latestSolidifiedBlockNumber":3225,"transactionList":[]}
solidityTrigger
{"timeStamp":1656401292000,"triggerName":"solidityTrigger","latestSolidifiedBlockNumber":3225}
blockTrigger
{"timeStamp":1656401298000,"triggerName":"blockTrigger","blockNumber":3227,"blockHash":"0000000000000c9b96ebb800d8f770eb02ceb54c65d12cd4ae7b0dd05244887a","transactionSize":0,"latestSolidifiedBlockNumber":3226,"transactionList":[]}
solidityTrigger
{"timeStamp":1656401295000,"triggerName":"solidityTrigger","latestSolidifiedBlockNumber":3226}
blockTrigger
{"timeStamp":1656401301000,"triggerName":"blockTrigger","blockNumber":3228,"blockHash":"0000000000000c9cb6f5771d7346d65a935b4ce862466c6d45bae6dd665d6042","transactionSize":0,"latestSolidifiedBlockNumber":3227,"transactionList":[]}
solidityTrigger
{"timeStamp":1656401298000,"triggerName":"solidityTrigger","latestSolidifiedBlockNumber":3227}
blockTrigger
{"timeStamp":1656401304000,"triggerName":"blockTrigger","blockNumber":3229,"blockHash":"0000000000000c9ded10786e1333bee036e56f9114ed2e91efb96722756a31c5","transactionSize":0,"latestSolidifiedBlockNumber":3228,"transactionList":[]}
solidityTrigger
{"timeStamp":1656401301000,"triggerName":"solidityTrigger","latestSolidifiedBlockNumber":3228}
blockTrigger
{"timeStamp":1656401307000,"triggerName":"blockTrigger","blockNumber":3230,"blockHash":"0000000000000c9e3aaaa141d1a577bd5ed290446564cc9145393796896fb1ce","transactionSize":0,"latestSolidifiedBlockNumber":3229,"transactionList":[]}
solidityTrigger
{"timeStamp":1656401304000,"triggerName":"solidityTrigger","latestSolidifiedBlockNumber":3229}
blockTrigger
{"timeStamp":1656401310000,"triggerName":"blockTrigger","blockNumber":3231,"blockHash":"0000000000000c9f4e10ddbf62b6611d069d7b4ee64d10bc9865283e4f6b90d1","transactionSize":0,"latestSolidifiedBlockNumber":3230,"transactionList":[]}
solidityTrigger
{"timeStamp":1656401307000,"triggerName":"solidityTrigger","latestSolidifiedBlockNumber":3230}
blockTrigger
{"timeStamp":1656401313000,"triggerName":"blockTrigger","blockNumber":3232,"blockHash":"0000000000000ca09fbae437c01709c71a401e9316c48cd6ada91352f4ca2a6b","transactionSize":0,"latestSolidifiedBlockNumber":3231,"transactionList":[]}
solidityTrigger
{"timeStamp":1656401310000,"triggerName":"solidityTrigger","latestSolidifiedBlockNumber":3231}
blockTrigger
{"timeStamp":1656401316000,"triggerName":"blockTrigger","blockNumber":3233,"blockHash":"0000000000000ca198e2f2880e05bade825effa48c6ee83ae7869e6bc6d8ff4a","transactionSize":0,"latestSolidifiedBlockNumber":3232,"transactionList":[]}
solidityTrigger
{"timeStamp":1656401313000,"triggerName":"solidityTrigger","latestSolidifiedBlockNumber":3232}
blockTrigger
{"timeStamp":1656401319000,"triggerName":"blockTrigger","blockNumber":3234,"blockHash":"0000000000000ca2ddfb592c5f5db974a86cc938b47476cc2a35d97c02eb5a38","transactionSize":0,"latestSolidifiedBlockNumber":3233,"transactionList":[]}
solidityTrigger
{"timeStamp":1656401316000,"triggerName":"solidityTrigger","latestSolidifiedBlockNumber":3233}
blockTrigger
{"timeStamp":1656401322000,"triggerName":"blockTrigger","blockNumber":3235,"blockHash":"0000000000000ca377b34d2309b35b570d4a8af6e47bd5305768f04bd23e2f40","transactionSize":0,"latestSolidifiedBlockNumber":3234,"transactionList":[]}
solidityTrigger
{"timeStamp":1656401319000,"triggerName":"solidityTrigger","latestSolidifiedBlockNumber":3234}
blockTrigger
{"timeStamp":1656401325000,"triggerName":"blockTrigger","blockNumber":3236,"blockHash":"0000000000000ca48e2458dc3349cabcbf80ed90f208efa3f1c7c6cf0810e817","transactionSize":0,"latestSolidifiedBlockNumber":3235,"transactionList":[]}
solidityTrigger
{"timeStamp":1656401322000,"triggerName":"solidityTrigger","latestSolidifiedBlockNumber":3235}
blockTrigger
{"timeStamp":1656401328000,"triggerName":"blockTrigger","blockNumber":3237,"blockHash":"0000000000000ca5550963702110111ef13f0d75a60e624b04f2faa6130e5221","transactionSize":0,"latestSolidifiedBlockNumber":3236,"transactionList":[]}
solidityTrigger
{"timeStamp":1656401325000,"triggerName":"solidityTrigger","latestSolidifiedBlockNumber":3236}
blockTrigger
{"timeStamp":1656401331000,"triggerName":"blockTrigger","blockNumber":3238,"blockHash":"0000000000000ca68d1f0d8e62665a9aa400f3a19bac7cf169cc5339fbeda589","transactionSize":0,"latestSolidifiedBlockNumber":3237,"transactionList":[]}
solidityTrigger
{"timeStamp":1656401328000,"triggerName":"solidityTrigger","latestSolidifiedBlockNumber":3237}
blockTrigger
{"timeStamp":1656401334000,"triggerName":"blockTrigger","blockNumber":3239,"blockHash":"0000000000000ca71879b5afaf5d0df7ec811b3d315c7e9ed5325c1e061d1066","transactionSize":0,"latestSolidifiedBlockNumber":3238,"transactionList":[]}
solidityTrigger
{"timeStamp":1656401331000,"triggerName":"solidityTrigger","latestSolidifiedBlockNumber":3238}
blockTrigger
{"timeStamp":1656401337000,"triggerName":"blockTrigger","blockNumber":3240,"blockHash":"0000000000000ca8e61763bc6912c2b2c943cd6daf9752577f3b741d5169aaaa","transactionSize":0,"latestSolidifiedBlockNumber":3239,"transactionList":[]}
solidityTrigger
{"timeStamp":1656401334000,"triggerName":"solidityTrigger","latestSolidifiedBlockNumber":3239}
blockTrigger
{"timeStamp":1656401340000,"triggerName":"blockTrigger","blockNumber":3241,"blockHash":"0000000000000ca992e45b500a52e2ff99505da9698c4795e09112a00f6357f8","transactionSize":0,"latestSolidifiedBlockNumber":3240,"transactionList":[]}
solidityTrigger
{"timeStamp":1656401337000,"triggerName":"solidityTrigger","latestSolidifiedBlockNumber":3240}
blockTrigger
{"timeStamp":1656401343000,"triggerName":"blockTrigger","blockNumber":3242,"blockHash":"0000000000000caabaf5f1e461fa8057d5cd54867a5cabb8c77ad23e57269ded","transactionSize":0,"latestSolidifiedBlockNumber":3241,"transactionList":[]}
solidityTrigger
{"timeStamp":1656401340000,"triggerName":"solidityTrigger","latestSolidifiedBlockNumber":3241}
blockTrigger
{"timeStamp":1656401346000,"triggerName":"blockTrigger","blockNumber":3243,"blockHash":"0000000000000cabcc96d0240d816b22b02f43b423f2562f72299dce6f12c3aa","transactionSize":0,"latestSolidifiedBlockNumber":3242,"transactionList":[]}
solidityTrigger
{"timeStamp":1656401343000,"triggerName":"solidityTrigger","latestSolidifiedBlockNumber":3242}
blockTrigger
{"timeStamp":1656401349000,"triggerName":"blockTrigger","blockNumber":3244,"blockHash":"0000000000000cac0759d743da23688446b575ae93c853ce382018e0e414ec45","transactionSize":0,"latestSolidifiedBlockNumber":3243,"transactionList":[]}
solidityTrigger
{"timeStamp":1656401346000,"triggerName":"solidityTrigger","latestSolidifiedBlockNumber":3243}
blockTrigger
{"timeStamp":1656401352000,"triggerName":"blockTrigger","blockNumber":3245,"blockHash":"0000000000000cad7bfaf3e83ccdd661b68f22523a2a27b5fad4b68a4abcb665","transactionSize":0,"latestSolidifiedBlockNumber":3244,"transactionList":[]}
solidityTrigger
{"timeStamp":1656401349000,"triggerName":"solidityTrigger","latestSolidifiedBlockNumber":3244}
blockTrigger
{"timeStamp":1656401355000,"triggerName":"blockTrigger","blockNumber":3246,"blockHash":"0000000000000cae86dc157bc991fa1f6a34c303d1f3bfde30dbc7c8023491ea","transactionSize":0,"latestSolidifiedBlockNumber":3245,"transactionList":[]}
solidityTrigger
{"timeStamp":1656401352000,"triggerName":"solidityTrigger","latestSolidifiedBlockNumber":3245}
blockTrigger
{"timeStamp":1656401358000,"triggerName":"blockTrigger","blockNumber":3247,"blockHash":"0000000000000caf9c32ac70ba7bcabd1593c7deba39252dcf81985448957add","transactionSize":0,"latestSolidifiedBlockNumber":3246,"transactionList":[]}
solidityTrigger
{"timeStamp":1656401355000,"triggerName":"solidityTrigger","latestSolidifiedBlockNumber":3246}
blockTrigger
{"timeStamp":1656401361000,"triggerName":"blockTrigger","blockNumber":3248,"blockHash":"0000000000000cb057ab67042bb76459aab2fdecb5b94dfd154649e16fafe776","transactionSize":0,"latestSolidifiedBlockNumber":3247,"transactionList":[]}
solidityTrigger
{"timeStamp":1656401358000,"triggerName":"solidityTrigger","latestSolidifiedBlockNumber":3247}
blockTrigger
{"timeStamp":1656401364000,"triggerName":"blockTrigger","blockNumber":3249,"blockHash":"0000000000000cb106a75a5df273f231753becdaac89364c197ec960efb71b63","transactionSize":0,"latestSolidifiedBlockNumber":3248,"transactionList":[]}
solidityTrigger
{"timeStamp":1656401361000,"triggerName":"solidityTrigger","latestSolidifiedBlockNumber":3248}
blockTrigger
{"timeStamp":1656401367000,"triggerName":"blockTrigger","blockNumber":3250,"blockHash":"0000000000000cb2c029feaa7d8b14df0d94030d84eb914bc7cfcb40ad678679","transactionSize":0,"latestSolidifiedBlockNumber":3249,"transactionList":[]}
solidityTrigger
{"timeStamp":1656401364000,"triggerName":"solidityTrigger","latestSolidifiedBlockNumber":3249}
blockTrigger
{"timeStamp":1656401370000,"triggerName":"blockTrigger","blockNumber":3251,"blockHash":"0000000000000cb32447484ac6044efd477ab57b892b9a6c4fc8fd5f7a9ba794","transactionSize":0,"latestSolidifiedBlockNumber":3250,"transactionList":[]}
solidityTrigger
{"timeStamp":1656401367000,"triggerName":"solidityTrigger","latestSolidifiedBlockNumber":3250}
blockTrigger
{"timeStamp":1656401373000,"triggerName":"blockTrigger","blockNumber":3252,"blockHash":"0000000000000cb423ab7799d384ff33abfd1c8a3271e2aa624f3d6493789b5c","transactionSize":0,"latestSolidifiedBlockNumber":3251,"transactionList":[]}
solidityTrigger
{"timeStamp":1656401370000,"triggerName":"solidityTrigger","latestSolidifiedBlockNumber":3251}
blockTrigger
{"timeStamp":1656401376000,"triggerName":"blockTrigger","blockNumber":3253,"blockHash":"0000000000000cb58508a43c4bc388aebe6d30fe5c15ccb5c76f23697f2e7b2d","transactionSize":0,"latestSolidifiedBlockNumber":3252,"transactionList":[]}
solidityTrigger
{"timeStamp":1656401373000,"triggerName":"solidityTrigger","latestSolidifiedBlockNumber":3252}
blockTrigger
{"timeStamp":1656401379000,"triggerName":"blockTrigger","blockNumber":3254,"blockHash":"0000000000000cb67eafe8814dca6e00c56eeed8de36132d4613cd14e5324e5d","transactionSize":0,"latestSolidifiedBlockNumber":3253,"transactionList":[]}
solidityTrigger
{"timeStamp":1656401376000,"triggerName":"solidityTrigger","latestSolidifiedBlockNumber":3253}
blockTrigger
{"timeStamp":1656401382000,"triggerName":"blockTrigger","blockNumber":3255,"blockHash":"0000000000000cb75195e91e33bb1e84c08b8d9009cd452bde23bb1be6d48b50","transactionSize":0,"latestSolidifiedBlockNumber":3254,"transactionList":[]}
solidityTrigger
{"timeStamp":1656401379000,"triggerName":"solidityTrigger","latestSolidifiedBlockNumber":3254}
blockTrigger
{"timeStamp":1656401385000,"triggerName":"blockTrigger","blockNumber":3256,"blockHash":"0000000000000cb8eba1cf0a23b4b458db99f944e5ae63cb3e2d4a146945647c","transactionSize":0,"latestSolidifiedBlockNumber":3255,"transactionList":[]}
solidityTrigger
{"timeStamp":1656401382000,"triggerName":"solidityTrigger","latestSolidifiedBlockNumber":3255}
blockTrigger
{"timeStamp":1656401388000,"triggerName":"blockTrigger","blockNumber":3257,"blockHash":"0000000000000cb9f49ab29c2a7bbeea5b0ba4f52c17e5f1a4813c8c375d9372","transactionSize":0,"latestSolidifiedBlockNumber":3256,"transactionList":[]}
solidityTrigger
{"timeStamp":1656401385000,"triggerName":"solidityTrigger","latestSolidifiedBlockNumber":3256}
blockTrigger
{"timeStamp":1656401391000,"triggerName":"blockTrigger","blockNumber":3258,"blockHash":"0000000000000cbafa9a7d091349a32d7049645c5436bd481e627f2b31f4e7a8","transactionSize":0,"latestSolidifiedBlockNumber":3257,"transactionList":[]}
solidityTrigger
{"timeStamp":1656401388000,"triggerName":"solidityTrigger","latestSolidifiedBlockNumber":3257}
blockTrigger
{"timeStamp":1656401394000,"triggerName":"blockTrigger","blockNumber":3259,"blockHash":"0000000000000cbbd66e31790de4030f0530ade3b881375a2361694022a184fa","transactionSize":0,"latestSolidifiedBlockNumber":3258,"transactionList":[]}
solidityTrigger
{"timeStamp":1656401391000,"triggerName":"solidityTrigger","latestSolidifiedBlockNumber":3258}
blockTrigger
{"timeStamp":1656401397000,"triggerName":"blockTrigger","blockNumber":3260,"blockHash":"0000000000000cbc70951f5f4b8eaa5820119eaead1c3a6d37b2bac80840d0f1","transactionSize":0,"latestSolidifiedBlockNumber":3259,"transactionList":[]}
solidityTrigger
{"timeStamp":1656401394000,"triggerName":"solidityTrigger","latestSolidifiedBlockNumber":3259}
blockTrigger
{"timeStamp":1656401400000,"triggerName":"blockTrigger","blockNumber":3261,"blockHash":"0000000000000cbd2021a6bd9372dcef292fcf32f9809dce540ef917454144b1","transactionSize":0,"latestSolidifiedBlockNumber":3260,"transactionList":[]}
solidityTrigger
{"timeStamp":1656401397000,"triggerName":"solidityTrigger","latestSolidifiedBlockNumber":3260}
blockTrigger
{"timeStamp":1656401409000,"triggerName":"blockTrigger","blockNumber":3262,"blockHash":"0000000000000cbea6a52b5e923fdf6754e609abbe38032671772b9877797a66","transactionSize":0,"latestSolidifiedBlockNumber":3261,"transactionList":[]}
solidityTrigger
{"timeStamp":1656401400000,"triggerName":"solidityTrigger","latestSolidifiedBlockNumber":3261}
blockTrigger
{"timeStamp":1656401412000,"triggerName":"blockTrigger","blockNumber":3263,"blockHash":"0000000000000cbfbfee865555870f134402cd95a8886a6decbf999eb00da5f2","transactionSize":0,"latestSolidifiedBlockNumber":3262,"transactionList":[]}
solidityTrigger
{"timeStamp":1656401409000,"triggerName":"solidityTrigger","latestSolidifiedBlockNumber":3262}
blockTrigger
{"timeStamp":1656401415000,"triggerName":"blockTrigger","blockNumber":3264,"blockHash":"0000000000000cc0dbd9b795736aec0a3f81541f1f0566d478fc7830478c8f4f","transactionSize":0,"latestSolidifiedBlockNumber":3263,"transactionList":[]}
solidityTrigger
{"timeStamp":1656401412000,"triggerName":"solidityTrigger","latestSolidifiedBlockNumber":3263}
blockTrigger
{"timeStamp":1656401418000,"triggerName":"blockTrigger","blockNumber":3265,"blockHash":"0000000000000cc11da0996d5cd3d6a27f3fee8f969368e0ce6c7ecf62675891","transactionSize":0,"latestSolidifiedBlockNumber":3264,"transactionList":[]}
solidityTrigger
{"timeStamp":1656401415000,"triggerName":"solidityTrigger","latestSolidifiedBlockNumber":3264}
blockTrigger
{"timeStamp":1656401421000,"triggerName":"blockTrigger","blockNumber":3266,"blockHash":"0000000000000cc2c7c5851e9a32af4e802c1930f7b33e840ef5f595ce262fc7","transactionSize":0,"latestSolidifiedBlockNumber":3265,"transactionList":[]}
solidityTrigger
{"timeStamp":1656401418000,"triggerName":"solidityTrigger","latestSolidifiedBlockNumber":3265}
blockTrigger
{"timeStamp":1656401424000,"triggerName":"blockTrigger","blockNumber":3267,"blockHash":"0000000000000cc3265732816d241e0eb01efc0920c6fa4946b9548d1b90c9a5","transactionSize":0,"latestSolidifiedBlockNumber":3266,"transactionList":[]}
solidityTrigger
{"timeStamp":1656401421000,"triggerName":"solidityTrigger","latestSolidifiedBlockNumber":3266}
blockTrigger
{"timeStamp":1656401427000,"triggerName":"blockTrigger","blockNumber":3268,"blockHash":"0000000000000cc4a7501254fe8de03b734a0a4e13e96c85703981a67a6c36e7","transactionSize":0,"latestSolidifiedBlockNumber":3267,"transactionList":[]}
solidityTrigger
{"timeStamp":1656401424000,"triggerName":"solidityTrigger","latestSolidifiedBlockNumber":3267}
blockTrigger
{"timeStamp":1656401430000,"triggerName":"blockTrigger","blockNumber":3269,"blockHash":"0000000000000cc55fbb1b3016df4f04363a18b4d2accb5def3e5e78e1219937","transactionSize":0,"latestSolidifiedBlockNumber":3268,"transactionList":[]}
solidityTrigger
{"timeStamp":1656401427000,"triggerName":"solidityTrigger","latestSolidifiedBlockNumber":3268}
blockTrigger
{"timeStamp":1656401433000,"triggerName":"blockTrigger","blockNumber":3270,"blockHash":"0000000000000cc64f0b0a5be316415ec4d1e70b2602749f82ddf860041d1b6a","transactionSize":0,"latestSolidifiedBlockNumber":3269,"transactionList":[]}
solidityTrigger
{"timeStamp":1656401430000,"triggerName":"solidityTrigger","latestSolidifiedBlockNumber":3269}
blockTrigger
{"timeStamp":1656401436000,"triggerName":"blockTrigger","blockNumber":3271,"blockHash":"0000000000000cc70cd0f81c1bf0ed580505889af23de51b48a32d621a05354a","transactionSize":0,"latestSolidifiedBlockNumber":3270,"transactionList":[]}
solidityTrigger
{"timeStamp":1656401433000,"triggerName":"solidityTrigger","latestSolidifiedBlockNumber":3270}
blockTrigger
{"timeStamp":1656401439000,"triggerName":"blockTrigger","blockNumber":3272,"blockHash":"0000000000000cc8fd18b7cdc704fd2748a1e3e1c8db9bf6bc67bd462fd3ab4b","transactionSize":0,"latestSolidifiedBlockNumber":3271,"transactionList":[]}
solidityTrigger
{"timeStamp":1656401436000,"triggerName":"solidityTrigger","latestSolidifiedBlockNumber":3271}
blockTrigger
{"timeStamp":1656401442000,"triggerName":"blockTrigger","blockNumber":3273,"blockHash":"0000000000000cc9c52b7552305d7365a1936b958d1576aca848691559256b14","transactionSize":0,"latestSolidifiedBlockNumber":3272,"transactionList":[]}
solidityTrigger
{"timeStamp":1656401439000,"triggerName":"solidityTrigger","latestSolidifiedBlockNumber":3272}
blockTrigger
{"timeStamp":1656401445000,"triggerName":"blockTrigger","blockNumber":3274,"blockHash":"0000000000000ccae74507f6235e659daf1448f12d3855f7dcdef8c7248f2fec","transactionSize":0,"latestSolidifiedBlockNumber":3273,"transactionList":[]}
solidityTrigger
{"timeStamp":1656401442000,"triggerName":"solidityTrigger","latestSolidifiedBlockNumber":3273}
blockTrigger
{"timeStamp":1656401448000,"triggerName":"blockTrigger","blockNumber":3275,"blockHash":"0000000000000ccb9a462f9bac390298204b656aa9988b054c47f7a25b50ef38","transactionSize":0,"latestSolidifiedBlockNumber":3274,"transactionList":[]}
solidityTrigger
{"timeStamp":1656401445000,"triggerName":"solidityTrigger","latestSolidifiedBlockNumber":3274}
blockTrigger
{"timeStamp":1656401451000,"triggerName":"blockTrigger","blockNumber":3276,"blockHash":"0000000000000ccc652fd5dcbdc301636f39c748553287acb5e846ea2e0b358e","transactionSize":0,"latestSolidifiedBlockNumber":3275,"transactionList":[]}
solidityTrigger
{"timeStamp":1656401448000,"triggerName":"solidityTrigger","latestSolidifiedBlockNumber":3275}
blockTrigger
{"timeStamp":1656401454000,"triggerName":"blockTrigger","blockNumber":3277,"blockHash":"0000000000000ccdb552acec037bf1148b4fb7fd701d53ed84095f2fef1aa2b3","transactionSize":0,"latestSolidifiedBlockNumber":3276,"transactionList":[]}
solidityTrigger
{"timeStamp":1656401451000,"triggerName":"solidityTrigger","latestSolidifiedBlockNumber":3276}
blockTrigger
{"timeStamp":1656401457000,"triggerName":"blockTrigger","blockNumber":3278,"blockHash":"0000000000000ccec9335563858e7dadd7a9766a1a00eadffe68c0887a6e8975","transactionSize":0,"latestSolidifiedBlockNumber":3277,"transactionList":[]}
solidityTrigger
{"timeStamp":1656401454000,"triggerName":"solidityTrigger","latestSolidifiedBlockNumber":3277}
blockTrigger
{"timeStamp":1656401460000,"triggerName":"blockTrigger","blockNumber":3279,"blockHash":"0000000000000ccf3109da12e54c34d4c69162f9926edfb14b7520ca0e269fb4","transactionSize":0,"latestSolidifiedBlockNumber":3278,"transactionList":[]}
solidityTrigger
{"timeStamp":1656401457000,"triggerName":"solidityTrigger","latestSolidifiedBlockNumber":3278}
blockTrigger
{"timeStamp":1656401463000,"triggerName":"blockTrigger","blockNumber":3280,"blockHash":"0000000000000cd0c33e281a0fcef02f9ae68123b7595ff80cf43465cc4db216","transactionSize":0,"latestSolidifiedBlockNumber":3279,"transactionList":[]}
solidityTrigger
{"timeStamp":1656401460000,"triggerName":"solidityTrigger","latestSolidifiedBlockNumber":3279}
blockTrigger
{"timeStamp":1656401466000,"triggerName":"blockTrigger","blockNumber":3281,"blockHash":"0000000000000cd173e1d67aea04121bde2728bcd7fe735b37be937b8c3201b6","transactionSize":0,"latestSolidifiedBlockNumber":3280,"transactionList":[]}
solidityTrigger
{"timeStamp":1656401463000,"triggerName":"solidityTrigger","latestSolidifiedBlockNumber":3280}
blockTrigger
{"timeStamp":1656401469000,"triggerName":"blockTrigger","blockNumber":3282,"blockHash":"0000000000000cd268c1f8fcd0a4f0da391179404215f39066956c764dcc32d4","transactionSize":0,"latestSolidifiedBlockNumber":3281,"transactionList":[]}
solidityTrigger
{"timeStamp":1656401466000,"triggerName":"solidityTrigger","latestSolidifiedBlockNumber":3281}
blockTrigger
{"timeStamp":1656401472000,"triggerName":"blockTrigger","blockNumber":3283,"blockHash":"0000000000000cd3db7d2bb941f635b5bf66df8f74322b91944d9ae854da9f17","transactionSize":0,"latestSolidifiedBlockNumber":3282,"transactionList":[]}
solidityTrigger
{"timeStamp":1656401469000,"triggerName":"solidityTrigger","latestSolidifiedBlockNumber":3282}
blockTrigger
{"timeStamp":1656401475000,"triggerName":"blockTrigger","blockNumber":3284,"blockHash":"0000000000000cd4d39ac14b7d950e492fe6e6c75e8a142ce1199eb0fbd9ff62","transactionSize":0,"latestSolidifiedBlockNumber":3283,"transactionList":[]}
solidityTrigger
{"timeStamp":1656401472000,"triggerName":"solidityTrigger","latestSolidifiedBlockNumber":3283}
blockTrigger
{"timeStamp":1656401478000,"triggerName":"blockTrigger","blockNumber":3285,"blockHash":"0000000000000cd506322bb27a08846bf3c7cbe2086d32c93571107a6b6d24d8","transactionSize":0,"latestSolidifiedBlockNumber":3284,"transactionList":[]}
solidityTrigger
{"timeStamp":1656401475000,"triggerName":"solidityTrigger","latestSolidifiedBlockNumber":3284}
blockTrigger
{"timeStamp":1656401481000,"triggerName":"blockTrigger","blockNumber":3286,"blockHash":"0000000000000cd6364bf44dce02d16c1b2a7c2129d65be652133fc66db10da1","transactionSize":0,"latestSolidifiedBlockNumber":3285,"transactionList":[]}
solidityTrigger
{"timeStamp":1656401478000,"triggerName":"solidityTrigger","latestSolidifiedBlockNumber":3285}
blockTrigger
{"timeStamp":1656401484000,"triggerName":"blockTrigger","blockNumber":3287,"blockHash":"0000000000000cd7e6b754acf3da894f70c3b31cdcde5a111d81ec898d4f4d2a","transactionSize":0,"latestSolidifiedBlockNumber":3286,"transactionList":[]}
solidityTrigger
{"timeStamp":1656401481000,"triggerName":"solidityTrigger","latestSolidifiedBlockNumber":3286}
blockTrigger
{"timeStamp":1656401487000,"triggerName":"blockTrigger","blockNumber":3288,"blockHash":"0000000000000cd81671f0694ef6d1039d472a715e08baaa02f9bf5dfa0a28ea","transactionSize":0,"latestSolidifiedBlockNumber":3287,"transactionList":[]}
solidityTrigger
{"timeStamp":1656401484000,"triggerName":"solidityTrigger","latestSolidifiedBlockNumber":3287}
blockTrigger
{"timeStamp":1656401490000,"triggerName":"blockTrigger","blockNumber":3289,"blockHash":"0000000000000cd972f873fcdf6b254010684db488c500b7fd2b6e9905599f0a","transactionSize":0,"latestSolidifiedBlockNumber":3288,"transactionList":[]}
solidityTrigger
{"timeStamp":1656401487000,"triggerName":"solidityTrigger","latestSolidifiedBlockNumber":3288}
blockTrigger
{"timeStamp":1656401493000,"triggerName":"blockTrigger","blockNumber":3290,"blockHash":"0000000000000cda953214b5d0381f2e637cb6e066701ffd47945f19c353fa40","transactionSize":0,"latestSolidifiedBlockNumber":3289,"transactionList":[]}
solidityTrigger
{"timeStamp":1656401490000,"triggerName":"solidityTrigger","latestSolidifiedBlockNumber":3289}
blockTrigger
{"timeStamp":1656401496000,"triggerName":"blockTrigger","blockNumber":3291,"blockHash":"0000000000000cdb6b455c789b0e60844e5a578f16298fa76b58b08fb5843045","transactionSize":0,"latestSolidifiedBlockNumber":3290,"transactionList":[]}
solidityTrigger
{"timeStamp":1656401493000,"triggerName":"solidityTrigger","latestSolidifiedBlockNumber":3290}
blockTrigger
{"timeStamp":1656401499000,"triggerName":"blockTrigger","blockNumber":3292,"blockHash":"0000000000000cdc81255c8b9e8eda214799324795cb92324abb1771ec94026b","transactionSize":0,"latestSolidifiedBlockNumber":3291,"transactionList":[]}
solidityTrigger
{"timeStamp":1656401496000,"triggerName":"solidityTrigger","latestSolidifiedBlockNumber":3291}
blockTrigger
{"timeStamp":1656401502000,"triggerName":"blockTrigger","blockNumber":3293,"blockHash":"0000000000000cdd33c6f8bff5e0b9bed36786b72af8c8e4ec8377ec918d6020","transactionSize":0,"latestSolidifiedBlockNumber":3292,"transactionList":[]}
solidityTrigger
{"timeStamp":1656401499000,"triggerName":"solidityTrigger","latestSolidifiedBlockNumber":3292}
blockTrigger
{"timeStamp":1656401505000,"triggerName":"blockTrigger","blockNumber":3294,"blockHash":"0000000000000cde5e3f79b185809c9bf69f4671ca502545d64932db2524d461","transactionSize":0,"latestSolidifiedBlockNumber":3293,"transactionList":[]}
solidityTrigger
{"timeStamp":1656401502000,"triggerName":"solidityTrigger","latestSolidifiedBlockNumber":3293}
blockTrigger
{"timeStamp":1656401508000,"triggerName":"blockTrigger","blockNumber":3295,"blockHash":"0000000000000cdf45e3ca9b70875883b438a7db91b0e43a5c24c79bd3f1b030","transactionSize":0,"latestSolidifiedBlockNumber":3294,"transactionList":[]}
solidityTrigger
{"timeStamp":1656401505000,"triggerName":"solidityTrigger","latestSolidifiedBlockNumber":3294}
blockTrigger
{"timeStamp":1656401511000,"triggerName":"blockTrigger","blockNumber":3296,"blockHash":"0000000000000ce01f6cbc7622928217ec6252e34a3afad5b75f8ce35153390a","transactionSize":0,"latestSolidifiedBlockNumber":3295,"transactionList":[]}
solidityTrigger
{"timeStamp":1656401508000,"triggerName":"solidityTrigger","latestSolidifiedBlockNumber":3295}
blockTrigger
{"timeStamp":1656401514000,"triggerName":"blockTrigger","blockNumber":3297,"blockHash":"0000000000000ce1856a4e99f249ae6680dae4324f05a4e4f21a81fcfedab769","transactionSize":0,"latestSolidifiedBlockNumber":3296,"transactionList":[]}
solidityTrigger
{"timeStamp":1656401511000,"triggerName":"solidityTrigger","latestSolidifiedBlockNumber":3296}
blockTrigger
{"timeStamp":1656401517000,"triggerName":"blockTrigger","blockNumber":3298,"blockHash":"0000000000000ce27fa19f7e26cdc2879ae67970eb4e4f4ab171f93c5b0e819b","transactionSize":0,"latestSolidifiedBlockNumber":3297,"transactionList":[]}
solidityTrigger
{"timeStamp":1656401514000,"triggerName":"solidityTrigger","latestSolidifiedBlockNumber":3297}
blockTrigger
{"timeStamp":1656401520000,"triggerName":"blockTrigger","blockNumber":3299,"blockHash":"0000000000000ce3a596ce6f4c8b8d8f9d248888801a1555de9046094b9d6638","transactionSize":0,"latestSolidifiedBlockNumber":3298,"transactionList":[]}
solidityTrigger
{"timeStamp":1656401517000,"triggerName":"solidityTrigger","latestSolidifiedBlockNumber":3298}
blockTrigger
{"timeStamp":1656401523000,"triggerName":"blockTrigger","blockNumber":3300,"blockHash":"0000000000000ce49e8f60d1da996be819ef62ac20b3dddfa5a8ac55b155fa24","transactionSize":0,"latestSolidifiedBlockNumber":3299,"transactionList":[]}
solidityTrigger
{"timeStamp":1656401520000,"triggerName":"solidityTrigger","latestSolidifiedBlockNumber":3299}
blockTrigger
{"timeStamp":1656401526000,"triggerName":"blockTrigger","blockNumber":3301,"blockHash":"0000000000000ce52a1b47798b7f7d7bc6e23c1d67187c2d5d844bf6afbb56d4","transactionSize":0,"latestSolidifiedBlockNumber":3300,"transactionList":[]}
solidityTrigger
{"timeStamp":1656401523000,"triggerName":"solidityTrigger","latestSolidifiedBlockNumber":3300}
blockTrigger
{"timeStamp":1656401529000,"triggerName":"blockTrigger","blockNumber":3302,"blockHash":"0000000000000ce64096c656775d65636ba24930aeb5e17b633c7371c416eaa9","transactionSize":0,"latestSolidifiedBlockNumber":3301,"transactionList":[]}
solidityTrigger
{"timeStamp":1656401526000,"triggerName":"solidityTrigger","latestSolidifiedBlockNumber":3301}
blockTrigger
{"timeStamp":1656401532000,"triggerName":"blockTrigger","blockNumber":3303,"blockHash":"0000000000000ce711bdc5965176158674ecff60c1078ad4cdd6c08f30495435","transactionSize":0,"latestSolidifiedBlockNumber":3302,"transactionList":[]}
solidityTrigger
{"timeStamp":1656401529000,"triggerName":"solidityTrigger","latestSolidifiedBlockNumber":3302}
blockTrigger
{"timeStamp":1656401535000,"triggerName":"blockTrigger","blockNumber":3304,"blockHash":"0000000000000ce804f433b93cc37a54799bbb1495901c4007c6304ec0032837","transactionSize":0,"latestSolidifiedBlockNumber":3303,"transactionList":[]}
solidityTrigger
{"timeStamp":1656401532000,"triggerName":"solidityTrigger","latestSolidifiedBlockNumber":3303}
blockTrigger
{"timeStamp":1656401538000,"triggerName":"blockTrigger","blockNumber":3305,"blockHash":"0000000000000ce9989f41ff634a9fde590dbce24b8d01704a9ab53007a830c1","transactionSize":0,"latestSolidifiedBlockNumber":3304,"transactionList":[]}
solidityTrigger
{"timeStamp":1656401535000,"triggerName":"solidityTrigger","latestSolidifiedBlockNumber":3304}
blockTrigger
{"timeStamp":1656401541000,"triggerName":"blockTrigger","blockNumber":3306,"blockHash":"0000000000000ceacffcb66190b5282809b1e0761a4376550d74378728c35bda","transactionSize":0,"latestSolidifiedBlockNumber":3305,"transactionList":[]}
solidityTrigger
{"timeStamp":1656401538000,"triggerName":"solidityTrigger","latestSolidifiedBlockNumber":3305}
blockTrigger
{"timeStamp":1656401544000,"triggerName":"blockTrigger","blockNumber":3307,"blockHash":"0000000000000ceb30ee6cbd30b64273563eaddca88f816aca82b116017cb11c","transactionSize":0,"latestSolidifiedBlockNumber":3306,"transactionList":[]}
solidityTrigger
{"timeStamp":1656401541000,"triggerName":"solidityTrigger","latestSolidifiedBlockNumber":3306}
blockTrigger
{"timeStamp":1656401547000,"triggerName":"blockTrigger","blockNumber":3308,"blockHash":"0000000000000cec8dc6a560615fda6b99c66f899fa1deec4ad70119f2e791eb","transactionSize":0,"latestSolidifiedBlockNumber":3307,"transactionList":[]}
solidityTrigger
{"timeStamp":1656401544000,"triggerName":"solidityTrigger","latestSolidifiedBlockNumber":3307}
blockTrigger
{"timeStamp":1656401550000,"triggerName":"blockTrigger","blockNumber":3309,"blockHash":"0000000000000ced145153ff783e145060dc27993eb04d376beef20de98800f7","transactionSize":0,"latestSolidifiedBlockNumber":3308,"transactionList":[]}
solidityTrigger
{"timeStamp":1656401547000,"triggerName":"solidityTrigger","latestSolidifiedBlockNumber":3308}
blockTrigger
{"timeStamp":1656401553000,"triggerName":"blockTrigger","blockNumber":3310,"blockHash":"0000000000000cee08e7a027ce67d4f67de5ef3aaec20b219cf8b847589775bf","transactionSize":0,"latestSolidifiedBlockNumber":3309,"transactionList":[]}
solidityTrigger
{"timeStamp":1656401550000,"triggerName":"solidityTrigger","latestSolidifiedBlockNumber":3309}
blockTrigger
{"timeStamp":1656401556000,"triggerName":"blockTrigger","blockNumber":3311,"blockHash":"0000000000000cefd3ac97f621163de14dc44d20e9b8142a5054b9bfc7b77053","transactionSize":0,"latestSolidifiedBlockNumber":3310,"transactionList":[]}
solidityTrigger
{"timeStamp":1656401553000,"triggerName":"solidityTrigger","latestSolidifiedBlockNumber":3310}
blockTrigger
{"timeStamp":1656401559000,"triggerName":"blockTrigger","blockNumber":3312,"blockHash":"0000000000000cf0a6cef7d096bdb6fe887bebec5eb464393a006a84e8642af6","transactionSize":0,"latestSolidifiedBlockNumber":3311,"transactionList":[]}
solidityTrigger
{"timeStamp":1656401556000,"triggerName":"solidityTrigger","latestSolidifiedBlockNumber":3311}
blockTrigger
{"timeStamp":1656401562000,"triggerName":"blockTrigger","blockNumber":3313,"blockHash":"0000000000000cf16a5834ba561d5a198d6d56027c3cb187dd5118762f6eaf65","transactionSize":0,"latestSolidifiedBlockNumber":3312,"transactionList":[]}
solidityTrigger
{"timeStamp":1656401559000,"triggerName":"solidityTrigger","latestSolidifiedBlockNumber":3312}
blockTrigger
{"timeStamp":1656401565000,"triggerName":"blockTrigger","blockNumber":3314,"blockHash":"0000000000000cf20b50a20381197e631bd78e8f41900bbcd2e3626a949b52d1","transactionSize":0,"latestSolidifiedBlockNumber":3313,"transactionList":[]}
solidityTrigger
{"timeStamp":1656401562000,"triggerName":"solidityTrigger","latestSolidifiedBlockNumber":3313}
blockTrigger
{"timeStamp":1656401568000,"triggerName":"blockTrigger","blockNumber":3315,"blockHash":"0000000000000cf32fa343d6d859737179db72cc03cbcecda7245267c8d3d921","transactionSize":0,"latestSolidifiedBlockNumber":3314,"transactionList":[]}
solidityTrigger
{"timeStamp":1656401565000,"triggerName":"solidityTrigger","latestSolidifiedBlockNumber":3314}
blockTrigger
{"timeStamp":1656401571000,"triggerName":"blockTrigger","blockNumber":3316,"blockHash":"0000000000000cf4ff85462ab004c9263d88c4e4310c5d230f8e3f7b3b56a529","transactionSize":0,"latestSolidifiedBlockNumber":3315,"transactionList":[]}
solidityTrigger
{"timeStamp":1656401568000,"triggerName":"solidityTrigger","latestSolidifiedBlockNumber":3315}
blockTrigger
{"timeStamp":1656401574000,"triggerName":"blockTrigger","blockNumber":3317,"blockHash":"0000000000000cf568a52f73104d5f10e9c689e54a43691b78ddcdb5853cf33c","transactionSize":0,"latestSolidifiedBlockNumber":3316,"transactionList":[]}
solidityTrigger
{"timeStamp":1656401571000,"triggerName":"solidityTrigger","latestSolidifiedBlockNumber":3316}
blockTrigger
{"timeStamp":1656401577000,"triggerName":"blockTrigger","blockNumber":3318,"blockHash":"0000000000000cf6dcc5917ad0d009032c9f875d71ced6bcdd288551a7fffbfd","transactionSize":0,"latestSolidifiedBlockNumber":3317,"transactionList":[]}
solidityTrigger
{"timeStamp":1656401574000,"triggerName":"solidityTrigger","latestSolidifiedBlockNumber":3317}
blockTrigger
{"timeStamp":1656401580000,"triggerName":"blockTrigger","blockNumber":3319,"blockHash":"0000000000000cf76dacea2fd36ed8ce98bef0a3952fbe1f7b4a4edf580e421a","transactionSize":0,"latestSolidifiedBlockNumber":3318,"transactionList":[]}
solidityTrigger
{"timeStamp":1656401577000,"triggerName":"solidityTrigger","latestSolidifiedBlockNumber":3318}
blockTrigger
{"timeStamp":1656401583000,"triggerName":"blockTrigger","blockNumber":3320,"blockHash":"0000000000000cf85334b31b841eb023ffb6a08bd77769c0704036c147c0e3b6","transactionSize":0,"latestSolidifiedBlockNumber":3319,"transactionList":[]}
solidityTrigger
{"timeStamp":1656401580000,"triggerName":"solidityTrigger","latestSolidifiedBlockNumber":3319}
blockTrigger
{"timeStamp":1656401586000,"triggerName":"blockTrigger","blockNumber":3321,"blockHash":"0000000000000cf936c867cb30d8ee01577a36a9795358d859a0546b482c34a4","transactionSize":0,"latestSolidifiedBlockNumber":3320,"transactionList":[]}
solidityTrigger
{"timeStamp":1656401583000,"triggerName":"solidityTrigger","latestSolidifiedBlockNumber":3320}
blockTrigger
{"timeStamp":1656401589000,"triggerName":"blockTrigger","blockNumber":3322,"blockHash":"0000000000000cfa015cc95b7df051146a05060a3c5a3608ec35ea9291ef375a","transactionSize":0,"latestSolidifiedBlockNumber":3321,"transactionList":[]}
solidityTrigger
{"timeStamp":1656401586000,"triggerName":"solidityTrigger","latestSolidifiedBlockNumber":3321}
blockTrigger
{"timeStamp":1656401592000,"triggerName":"blockTrigger","blockNumber":3323,"blockHash":"0000000000000cfb4d3047762c751758ade4865b34b2279bf0b8697baed1a0ed","transactionSize":0,"latestSolidifiedBlockNumber":3322,"transactionList":[]}
solidityTrigger
{"timeStamp":1656401589000,"triggerName":"solidityTrigger","latestSolidifiedBlockNumber":3322}
blockTrigger
{"timeStamp":1656401595000,"triggerName":"blockTrigger","blockNumber":3324,"blockHash":"0000000000000cfcf2db57d4da81c060222b008184d5f0f9d887c0f42fbda150","transactionSize":0,"latestSolidifiedBlockNumber":3323,"transactionList":[]}
solidityTrigger
{"timeStamp":1656401592000,"triggerName":"solidityTrigger","latestSolidifiedBlockNumber":3323}
blockTrigger
{"timeStamp":1656401598000,"triggerName":"blockTrigger","blockNumber":3325,"blockHash":"0000000000000cfdd05db24ca2ee18671900d3582ccbc9a29afb755252353eab","transactionSize":0,"latestSolidifiedBlockNumber":3324,"transactionList":[]}
solidityTrigger
{"timeStamp":1656401595000,"triggerName":"solidityTrigger","latestSolidifiedBlockNumber":3324}
blockTrigger
{"timeStamp":1656401601000,"triggerName":"blockTrigger","blockNumber":3326,"blockHash":"0000000000000cfe7fb68c25e7b1d3328fb1759dc22aa90d07a884f32239db6f","transactionSize":0,"latestSolidifiedBlockNumber":3325,"transactionList":[]}
solidityTrigger
{"timeStamp":1656401598000,"triggerName":"solidityTrigger","latestSolidifiedBlockNumber":3325}
blockTrigger
{"timeStamp":1656401604000,"triggerName":"blockTrigger","blockNumber":3327,"blockHash":"0000000000000cffac6bb6fdfd2265ad42afc4978f1094362bdf0867f99ab58b","transactionSize":0,"latestSolidifiedBlockNumber":3326,"transactionList":[]}
solidityTrigger
{"timeStamp":1656401601000,"triggerName":"solidityTrigger","latestSolidifiedBlockNumber":3326}
blockTrigger
{"timeStamp":1656401607000,"triggerName":"blockTrigger","blockNumber":3328,"blockHash":"0000000000000d006b05f96fd195c2b9c59143ca66201ad4616f806ff0fe4688","transactionSize":0,"latestSolidifiedBlockNumber":3327,"transactionList":[]}
solidityTrigger
{"timeStamp":1656401604000,"triggerName":"solidityTrigger","latestSolidifiedBlockNumber":3327}
blockTrigger
{"timeStamp":1656401610000,"triggerName":"blockTrigger","blockNumber":3329,"blockHash":"0000000000000d01dffda511cb5bef54d68066b863999a6a666bb53298b35839","transactionSize":0,"latestSolidifiedBlockNumber":3328,"transactionList":[]}
solidityTrigger
{"timeStamp":1656401607000,"triggerName":"solidityTrigger","latestSolidifiedBlockNumber":3328}
blockTrigger
{"timeStamp":1656401613000,"triggerName":"blockTrigger","blockNumber":3330,"blockHash":"0000000000000d02c84e9b5813cc049ae6cd482d671740e7cf4ae4881541f4ce","transactionSize":0,"latestSolidifiedBlockNumber":3329,"transactionList":[]}
solidityTrigger
{"timeStamp":1656401610000,"triggerName":"solidityTrigger","latestSolidifiedBlockNumber":3329}
blockTrigger
{"timeStamp":1656401616000,"triggerName":"blockTrigger","blockNumber":3331,"blockHash":"0000000000000d0331c7ad3cf1196721a415eac1d1cfe291b9df82987d8e9577","transactionSize":0,"latestSolidifiedBlockNumber":3330,"transactionList":[]}
solidityTrigger
{"timeStamp":1656401613000,"triggerName":"solidityTrigger","latestSolidifiedBlockNumber":3330}
blockTrigger
{"timeStamp":1656401619000,"triggerName":"blockTrigger","blockNumber":3332,"blockHash":"0000000000000d0418e48414c0677633a3f3c17598f468c6a0efa1439da8fd31","transactionSize":0,"latestSolidifiedBlockNumber":3331,"transactionList":[]}
solidityTrigger
{"timeStamp":1656401616000,"triggerName":"solidityTrigger","latestSolidifiedBlockNumber":3331}
blockTrigger
{"timeStamp":1656401622000,"triggerName":"blockTrigger","blockNumber":3333,"blockHash":"0000000000000d05de1a4f8d3550579b01a771a693c1db4e22cb2a3cd44d73d2","transactionSize":0,"latestSolidifiedBlockNumber":3332,"transactionList":[]}
solidityTrigger
{"timeStamp":1656401619000,"triggerName":"solidityTrigger","latestSolidifiedBlockNumber":3332}
blockTrigger
{"timeStamp":1656401625000,"triggerName":"blockTrigger","blockNumber":3334,"blockHash":"0000000000000d06bb9d7910fa3c9cc5c0a0f9fb6ffa0eecc2038e636cc4acfd","transactionSize":0,"latestSolidifiedBlockNumber":3333,"transactionList":[]}
solidityTrigger
{"timeStamp":1656401622000,"triggerName":"solidityTrigger","latestSolidifiedBlockNumber":3333}
blockTrigger
{"timeStamp":1656401628000,"triggerName":"blockTrigger","blockNumber":3335,"blockHash":"0000000000000d07705005e5e7f9f821d0f0fd1c8e60f731cb37cfb5f3837e0e","transactionSize":0,"latestSolidifiedBlockNumber":3334,"transactionList":[]}
solidityTrigger
{"timeStamp":1656401625000,"triggerName":"solidityTrigger","latestSolidifiedBlockNumber":3334}
blockTrigger
{"timeStamp":1656401631000,"triggerName":"blockTrigger","blockNumber":3336,"blockHash":"0000000000000d08d4e31ec1a87e37733764d39213f1e501dc54131a08a99d25","transactionSize":0,"latestSolidifiedBlockNumber":3335,"transactionList":[]}
solidityTrigger
{"timeStamp":1656401628000,"triggerName":"solidityTrigger","latestSolidifiedBlockNumber":3335}
blockTrigger
{"timeStamp":1656401634000,"triggerName":"blockTrigger","blockNumber":3337,"blockHash":"0000000000000d09db2055f431a6d2fdae5b78bc8ef5b6107066eb92eb963dc7","transactionSize":0,"latestSolidifiedBlockNumber":3336,"transactionList":[]}
solidityTrigger
{"timeStamp":1656401631000,"triggerName":"solidityTrigger","latestSolidifiedBlockNumber":3336}
blockTrigger
{"timeStamp":1656401637000,"triggerName":"blockTrigger","blockNumber":3338,"blockHash":"0000000000000d0a9ff29c9b25dea525e7e1ca09531e095f1ebca3ec28211ee2","transactionSize":0,"latestSolidifiedBlockNumber":3337,"transactionList":[]}
solidityTrigger
{"timeStamp":1656401634000,"triggerName":"solidityTrigger","latestSolidifiedBlockNumber":3337}
blockTrigger
{"timeStamp":1656401640000,"triggerName":"blockTrigger","blockNumber":3339,"blockHash":"0000000000000d0b81ae1fabb53fbdf0e0f626adbaa5a3428967462a8ffc9e5e","transactionSize":0,"latestSolidifiedBlockNumber":3338,"transactionList":[]}
solidityTrigger
{"timeStamp":1656401637000,"triggerName":"solidityTrigger","latestSolidifiedBlockNumber":3338}
blockTrigger
{"timeStamp":1656401643000,"triggerName":"blockTrigger","blockNumber":3340,"blockHash":"0000000000000d0cd26aed90cc3aa3e39c6bbd51a844d606df51e6d3e17f0b1a","transactionSize":0,"latestSolidifiedBlockNumber":3339,"transactionList":[]}
solidityTrigger
{"timeStamp":1656401640000,"triggerName":"solidityTrigger","latestSolidifiedBlockNumber":3339}
blockTrigger
{"timeStamp":1656401646000,"triggerName":"blockTrigger","blockNumber":3341,"blockHash":"0000000000000d0dcd50c4d7f74952f16d1e50b3e174e2d6445945fb63b10b20","transactionSize":0,"latestSolidifiedBlockNumber":3340,"transactionList":[]}
solidityTrigger
{"timeStamp":1656401643000,"triggerName":"solidityTrigger","latestSolidifiedBlockNumber":3340}
blockTrigger
{"timeStamp":1656401649000,"triggerName":"blockTrigger","blockNumber":3342,"blockHash":"0000000000000d0e9144d1e387fa8ece0514391f0e2029910282cd0aa2763b5e","transactionSize":0,"latestSolidifiedBlockNumber":3341,"transactionList":[]}
solidityTrigger
{"timeStamp":1656401646000,"triggerName":"solidityTrigger","latestSolidifiedBlockNumber":3341}
blockTrigger
{"timeStamp":1656401652000,"triggerName":"blockTrigger","blockNumber":3343,"blockHash":"0000000000000d0fcd8d6cf56af4ad0f3ac877757f10a49297cbae328d63c5e4","transactionSize":0,"latestSolidifiedBlockNumber":3342,"transactionList":[]}
solidityTrigger
{"timeStamp":1656401649000,"triggerName":"solidityTrigger","latestSolidifiedBlockNumber":3342}
blockTrigger
{"timeStamp":1656401655000,"triggerName":"blockTrigger","blockNumber":3344,"blockHash":"0000000000000d102bda4c5e896ec74ccd509cc9996ea9feaabaf3eb862062ae","transactionSize":0,"latestSolidifiedBlockNumber":3343,"transactionList":[]}
solidityTrigger
{"timeStamp":1656401652000,"triggerName":"solidityTrigger","latestSolidifiedBlockNumber":3343}
blockTrigger
{"timeStamp":1656401658000,"triggerName":"blockTrigger","blockNumber":3345,"blockHash":"0000000000000d11e63e66cb652c892f737cbd8c404bc97d07fae7a36a26aa98","transactionSize":0,"latestSolidifiedBlockNumber":3344,"transactionList":[]}
solidityTrigger
{"timeStamp":1656401655000,"triggerName":"solidityTrigger","latestSolidifiedBlockNumber":3344}
blockTrigger
{"timeStamp":1656401661000,"triggerName":"blockTrigger","blockNumber":3346,"blockHash":"0000000000000d129747d0c1ba1cde7bd9a9ca358e2a19439dc0a0e08d771def","transactionSize":0,"latestSolidifiedBlockNumber":3345,"transactionList":[]}
solidityTrigger
{"timeStamp":1656401658000,"triggerName":"solidityTrigger","latestSolidifiedBlockNumber":3345}
blockTrigger
{"timeStamp":1656401664000,"triggerName":"blockTrigger","blockNumber":3347,"blockHash":"0000000000000d137eccada52fd19905cc412d238bab5997550b42231ee7719a","transactionSize":0,"latestSolidifiedBlockNumber":3346,"transactionList":[]}
solidityTrigger
{"timeStamp":1656401661000,"triggerName":"solidityTrigger","latestSolidifiedBlockNumber":3346}
blockTrigger
{"timeStamp":1656401667000,"triggerName":"blockTrigger","blockNumber":3348,"blockHash":"0000000000000d147268c962af95af78da50669aa3157118915c651c99425244","transactionSize":0,"latestSolidifiedBlockNumber":3347,"transactionList":[]}
solidityTrigger
{"timeStamp":1656401664000,"triggerName":"solidityTrigger","latestSolidifiedBlockNumber":3347}
blockTrigger
{"timeStamp":1656401670000,"triggerName":"blockTrigger","blockNumber":3349,"blockHash":"0000000000000d15f74927472f26bf5cdbfdcff2a38ac61fa8c9f7af3c07aa88","transactionSize":0,"latestSolidifiedBlockNumber":3348,"transactionList":[]}
solidityTrigger
{"timeStamp":1656401667000,"triggerName":"solidityTrigger","latestSolidifiedBlockNumber":3348}
blockTrigger
{"timeStamp":1656401673000,"triggerName":"blockTrigger","blockNumber":3350,"blockHash":"0000000000000d168a0ea721891665116b252282f2cf9cfad3dd426f16bbd525","transactionSize":0,"latestSolidifiedBlockNumber":3349,"transactionList":[]}
solidityTrigger
{"timeStamp":1656401670000,"triggerName":"solidityTrigger","latestSolidifiedBlockNumber":3349}
blockTrigger
{"timeStamp":1656401676000,"triggerName":"blockTrigger","blockNumber":3351,"blockHash":"0000000000000d17d4fafdf24469582bee33cf7c6c7aca3bfca8df082b8f6495","transactionSize":0,"latestSolidifiedBlockNumber":3350,"transactionList":[]}
solidityTrigger
{"timeStamp":1656401673000,"triggerName":"solidityTrigger","latestSolidifiedBlockNumber":3350}
